mode: set
github.com/pablontiv/rootline/internal/fuzzy/fuzzy.go:12.54,13.26 1 1
github.com/pablontiv/rootline/internal/fuzzy/fuzzy.go:13.26,15.3 1 1
github.com/pablontiv/rootline/internal/fuzzy/fuzzy.go:17.2,22.31 5 1
github.com/pablontiv/rootline/internal/fuzzy/fuzzy.go:22.31,24.19 2 1
github.com/pablontiv/rootline/internal/fuzzy/fuzzy.go:24.19,27.4 2 1
github.com/pablontiv/rootline/internal/fuzzy/fuzzy.go:29.2,29.13 1 1
github.com/pablontiv/rootline/internal/fuzzy/fuzzy.go:34.64,35.36 1 1
github.com/pablontiv/rootline/internal/fuzzy/fuzzy.go:35.36,37.3 1 1
github.com/pablontiv/rootline/internal/fuzzy/fuzzy.go:39.2,48.31 5 1
github.com/pablontiv/rootline/internal/fuzzy/fuzzy.go:48.31,50.21 2 1
github.com/pablontiv/rootline/internal/fuzzy/fuzzy.go:50.21,52.4 1 1
github.com/pablontiv/rootline/internal/fuzzy/fuzzy.go:55.2,55.20 1 1
github.com/pablontiv/rootline/internal/fuzzy/fuzzy.go:55.20,57.3 1 1
github.com/pablontiv/rootline/internal/fuzzy/fuzzy.go:59.2,59.39 1 1
github.com/pablontiv/rootline/internal/fuzzy/fuzzy.go:59.39,61.3 1 1
github.com/pablontiv/rootline/internal/fuzzy/fuzzy.go:63.2,63.19 1 1
github.com/pablontiv/rootline/internal/fuzzy/fuzzy.go:63.19,65.3 1 1
github.com/pablontiv/rootline/internal/fuzzy/fuzzy.go:67.2,68.25 2 1
github.com/pablontiv/rootline/internal/fuzzy/fuzzy.go:68.25,70.3 1 1
github.com/pablontiv/rootline/internal/fuzzy/fuzzy.go:71.2,71.15 1 1
github.com/pablontiv/rootline/internal/fuzzy/fuzzy.go:75.32,77.2 1 1
github.com/pablontiv/rootline/internal/fuzzy/fuzzy.go:81.32,83.13 2 1
github.com/pablontiv/rootline/internal/fuzzy/fuzzy.go:83.13,85.3 1 1
github.com/pablontiv/rootline/internal/fuzzy/fuzzy.go:86.2,86.13 1 1
github.com/pablontiv/rootline/internal/fuzzy/fuzzy.go:86.13,88.3 1 1
github.com/pablontiv/rootline/internal/fuzzy/fuzzy.go:90.2,93.27 3 1
github.com/pablontiv/rootline/internal/fuzzy/fuzzy.go:93.27,95.3 1 1
github.com/pablontiv/rootline/internal/fuzzy/fuzzy.go:97.2,97.27 1 1
github.com/pablontiv/rootline/internal/fuzzy/fuzzy.go:97.27,99.28 2 1
github.com/pablontiv/rootline/internal/fuzzy/fuzzy.go:99.28,101.24 2 1
github.com/pablontiv/rootline/internal/fuzzy/fuzzy.go:101.24,103.5 1 1
github.com/pablontiv/rootline/internal/fuzzy/fuzzy.go:104.4,104.62 1 1
github.com/pablontiv/rootline/internal/fuzzy/fuzzy.go:106.3,106.26 1 1
github.com/pablontiv/rootline/internal/fuzzy/fuzzy.go:108.2,108.17 1 1
github.com/pablontiv/rootline/internal/extract/body.go:21.62,32.76 3 1
github.com/pablontiv/rootline/internal/extract/body.go:32.76,33.38 1 1
github.com/pablontiv/rootline/internal/extract/body.go:33.38,34.12 1 1
github.com/pablontiv/rootline/internal/extract/body.go:36.3,39.58 3 1
github.com/pablontiv/rootline/internal/extract/body.go:39.58,40.32 1 1
github.com/pablontiv/rootline/internal/extract/body.go:40.32,43.5 2 1
github.com/pablontiv/rootline/internal/extract/body.go:46.3,49.22 4 1
github.com/pablontiv/rootline/internal/extract/body.go:49.22,54.4 4 1
github.com/pablontiv/rootline/internal/extract/body.go:56.3,61.5 1 1
github.com/pablontiv/rootline/internal/extract/body.go:65.2,65.24 1 1
github.com/pablontiv/rootline/internal/extract/body.go:65.24,72.3 1 1
github.com/pablontiv/rootline/internal/extract/body.go:74.2,75.29 2 1
github.com/pablontiv/rootline/internal/extract/body.go:75.29,77.26 2 1
github.com/pablontiv/rootline/internal/extract/body.go:77.26,80.4 1 1
github.com/pablontiv/rootline/internal/extract/body.go:80.9,82.4 1 1
github.com/pablontiv/rootline/internal/extract/body.go:84.3,85.31 2 1
github.com/pablontiv/rootline/internal/extract/body.go:85.31,87.4 1 1
github.com/pablontiv/rootline/internal/extract/body.go:89.3,94.5 1 1
github.com/pablontiv/rootline/internal/extract/body.go:97.2,97.17 1 1
github.com/pablontiv/rootline/internal/extract/body.go:109.66,112.76 2 1
github.com/pablontiv/rootline/internal/extract/body.go:112.76,113.46 1 1
github.com/pablontiv/rootline/internal/extract/body.go:113.46,114.12 1 1
github.com/pablontiv/rootline/internal/extract/body.go:116.3,119.36 3 1
github.com/pablontiv/rootline/internal/extract/body.go:119.36,122.4 2 1
github.com/pablontiv/rootline/internal/extract/body.go:124.3,126.36 3 1
github.com/pablontiv/rootline/internal/extract/body.go:126.36,129.4 2 1
github.com/pablontiv/rootline/internal/extract/body.go:131.3,132.22 2 1
github.com/pablontiv/rootline/internal/extract/body.go:132.22,134.4 1 1
github.com/pablontiv/rootline/internal/extract/body.go:136.3,140.5 1 1
github.com/pablontiv/rootline/internal/extract/body.go:143.2,143.15 1 1
github.com/pablontiv/rootline/internal/extract/body.go:154.58,157.76 2 1
github.com/pablontiv/rootline/internal/extract/body.go:157.76,158.37 1 1
github.com/pablontiv/rootline/internal/extract/body.go:158.37,159.12 1 1
github.com/pablontiv/rootline/internal/extract/body.go:162.3,165.70 3 1
github.com/pablontiv/rootline/internal/extract/body.go:165.70,167.73 2 1
github.com/pablontiv/rootline/internal/extract/body.go:167.73,169.63 2 1
github.com/pablontiv/rootline/internal/extract/body.go:169.63,170.34 1 1
github.com/pablontiv/rootline/internal/extract/body.go:170.34,173.7 2 1
github.com/pablontiv/rootline/internal/extract/body.go:175.5,175.60 1 1
github.com/pablontiv/rootline/internal/extract/body.go:178.4,178.42 1 1
github.com/pablontiv/rootline/internal/extract/body.go:178.42,180.5 1 1
github.com/pablontiv/rootline/internal/extract/body.go:180.10,182.5 1 1
github.com/pablontiv/rootline/internal/extract/body.go:185.3,188.5 1 1
github.com/pablontiv/rootline/internal/extract/body.go:191.2,191.15 1 1
github.com/pablontiv/rootline/internal/extract/body.go:195.46,197.35 2 1
github.com/pablontiv/rootline/internal/extract/body.go:197.35,198.22 1 1
github.com/pablontiv/rootline/internal/extract/body.go:198.22,200.4 1 1
github.com/pablontiv/rootline/internal/extract/body.go:201.3,201.24 1 1
github.com/pablontiv/rootline/internal/extract/body.go:201.24,203.4 1 1
github.com/pablontiv/rootline/internal/extract/body.go:205.2,205.20 1 0
github.com/pablontiv/rootline/internal/extract/extract.go:43.57,44.22 1 1
github.com/pablontiv/rootline/internal/extract/extract.go:44.22,45.34 1 1
github.com/pablontiv/rootline/internal/extract/extract.go:45.34,47.4 1 1
github.com/pablontiv/rootline/internal/extract/extract.go:49.2,50.14 2 1
github.com/pablontiv/rootline/internal/extract/extract.go:65.51,67.2 1 1
github.com/pablontiv/rootline/internal/extract/extract.go:69.51,69.72 1 1
github.com/pablontiv/rootline/internal/extract/extract.go:70.51,70.90 1 1
github.com/pablontiv/rootline/internal/extract/extract.go:72.83,83.78 4 1
github.com/pablontiv/rootline/internal/extract/extract.go:83.78,86.46 3 1
github.com/pablontiv/rootline/internal/extract/extract.go:86.46,92.25 6 0
github.com/pablontiv/rootline/internal/extract/extract.go:92.25,94.34 2 0
github.com/pablontiv/rootline/internal/extract/extract.go:94.34,95.23 1 0
github.com/pablontiv/rootline/internal/extract/extract.go:95.23,98.7 2 0
github.com/pablontiv/rootline/internal/extract/extract.go:102.3,102.21 1 1
github.com/pablontiv/rootline/internal/extract/extract.go:106.2,107.18 2 1
github.com/pablontiv/rootline/internal/extract/extract.go:107.18,114.3 3 1
github.com/pablontiv/rootline/internal/extract/extract.go:117.2,118.79 2 1
github.com/pablontiv/rootline/internal/extract/extract.go:118.79,125.3 2 1
github.com/pablontiv/rootline/internal/extract/extract.go:128.2,129.27 2 1
github.com/pablontiv/rootline/internal/extract/extract.go:129.27,131.3 1 1
github.com/pablontiv/rootline/internal/extract/extract.go:134.2,136.22 3 1
github.com/pablontiv/rootline/internal/extract/extract.go:136.22,138.3 1 1
github.com/pablontiv/rootline/internal/extract/extract.go:141.2,141.45 1 1
github.com/pablontiv/rootline/internal/extract/extract.go:141.45,147.24 6 1
github.com/pablontiv/rootline/internal/extract/extract.go:147.24,149.33 2 1
github.com/pablontiv/rootline/internal/extract/extract.go:149.33,150.22 1 1
github.com/pablontiv/rootline/internal/extract/extract.go:150.22,153.6 2 1
github.com/pablontiv/rootline/internal/extract/extract.go:158.2,158.20 1 1
github.com/pablontiv/rootline/internal/extract/extract.go:162.35,163.45 1 1
github.com/pablontiv/rootline/internal/extract/extract.go:163.45,165.3 1 1
github.com/pablontiv/rootline/internal/extract/extract.go:166.2,166.13 1 1
github.com/pablontiv/rootline/internal/extract/extract.go:171.44,174.31 2 1
github.com/pablontiv/rootline/internal/extract/extract.go:174.31,178.13 4 1
github.com/pablontiv/rootline/internal/extract/extract.go:178.13,183.4 3 1
github.com/pablontiv/rootline/internal/extract/extract.go:183.9,187.4 3 1
github.com/pablontiv/rootline/internal/extract/extract.go:188.3,188.20 1 1
github.com/pablontiv/rootline/internal/extract/extract.go:188.20,190.4 1 1
github.com/pablontiv/rootline/internal/extract/extract.go:192.2,192.11 1 1
github.com/pablontiv/rootline/internal/extract/extract.go:199.52,201.68 2 1
github.com/pablontiv/rootline/internal/extract/extract.go:201.68,204.3 2 1
github.com/pablontiv/rootline/internal/extract/extract.go:205.2,205.15 1 1
github.com/pablontiv/rootline/internal/extract/extract.go:210.62,212.52 2 1
github.com/pablontiv/rootline/internal/extract/extract.go:212.52,214.49 2 1
github.com/pablontiv/rootline/internal/extract/extract.go:214.49,215.12 1 1
github.com/pablontiv/rootline/internal/extract/extract.go:217.3,218.15 2 1
github.com/pablontiv/rootline/internal/extract/extract.go:218.15,219.12 1 1
github.com/pablontiv/rootline/internal/extract/extract.go:221.3,223.16 3 1
github.com/pablontiv/rootline/internal/extract/extract.go:223.16,225.4 1 1
github.com/pablontiv/rootline/internal/extract/extract.go:227.2,227.15 1 1
github.com/pablontiv/rootline/internal/extract/links.go:21.37,26.29 4 1
github.com/pablontiv/rootline/internal/extract/links.go:26.29,31.77 3 1
github.com/pablontiv/rootline/internal/extract/links.go:31.77,33.12 2 1
github.com/pablontiv/rootline/internal/extract/links.go:35.3,35.15 1 1
github.com/pablontiv/rootline/internal/extract/links.go:35.15,36.12 1 1
github.com/pablontiv/rootline/internal/extract/links.go:40.3,42.71 2 1
github.com/pablontiv/rootline/internal/extract/links.go:42.71,45.49 3 1
github.com/pablontiv/rootline/internal/extract/links.go:45.49,48.5 2 1
github.com/pablontiv/rootline/internal/extract/links.go:48.10,51.5 2 1
github.com/pablontiv/rootline/internal/extract/links.go:52.4,52.31 1 1
github.com/pablontiv/rootline/internal/extract/links.go:56.2,56.14 1 1
github.com/pablontiv/rootline/internal/extract/links.go:62.63,63.24 1 1
github.com/pablontiv/rootline/internal/extract/links.go:63.24,65.3 1 1
github.com/pablontiv/rootline/internal/extract/links.go:66.2,67.36 2 1
github.com/pablontiv/rootline/internal/extract/links.go:67.36,69.26 2 1
github.com/pablontiv/rootline/internal/extract/links.go:70.15,71.53 1 1
github.com/pablontiv/rootline/internal/extract/links.go:71.53,74.5 2 1
github.com/pablontiv/rootline/internal/extract/links.go:75.14,76.27 1 1
github.com/pablontiv/rootline/internal/extract/links.go:76.27,78.12 2 1
github.com/pablontiv/rootline/internal/extract/links.go:78.12,79.14 1 0
github.com/pablontiv/rootline/internal/extract/links.go:81.5,81.54 1 1
github.com/pablontiv/rootline/internal/extract/links.go:81.54,84.6 2 1
github.com/pablontiv/rootline/internal/extract/links.go:88.2,88.14 1 1
github.com/pablontiv/rootline/internal/extract/links.go:92.48,94.64 2 1
github.com/pablontiv/rootline/internal/extract/links.go:94.64,97.48 3 1
github.com/pablontiv/rootline/internal/extract/links.go:97.48,100.4 2 1
github.com/pablontiv/rootline/internal/extract/links.go:100.9,103.4 2 1
github.com/pablontiv/rootline/internal/extract/links.go:104.3,104.30 1 1
github.com/pablontiv/rootline/internal/extract/links.go:106.2,106.14 1 1
github.com/pablontiv/rootline/internal/extract/links.go:110.38,112.2 1 1
github.com/pablontiv/rootline/internal/extract/links.go:116.43,120.20 4 1
github.com/pablontiv/rootline/internal/extract/links.go:120.20,121.21 1 1
github.com/pablontiv/rootline/internal/extract/links.go:121.21,124.40 2 1
github.com/pablontiv/rootline/internal/extract/links.go:124.40,126.5 1 1
github.com/pablontiv/rootline/internal/extract/links.go:127.4,131.16 4 1
github.com/pablontiv/rootline/internal/extract/links.go:131.16,134.32 2 1
github.com/pablontiv/rootline/internal/extract/links.go:134.32,136.6 1 1
github.com/pablontiv/rootline/internal/extract/links.go:137.5,137.21 1 1
github.com/pablontiv/rootline/internal/extract/links.go:138.10,141.5 1 0
github.com/pablontiv/rootline/internal/extract/links.go:142.9,145.4 2 1
github.com/pablontiv/rootline/internal/extract/links.go:147.2,147.19 1 1
github.com/pablontiv/rootline/internal/extract/links_ast.go:12.57,16.2 3 1
github.com/pablontiv/rootline/internal/extract/links_ast.go:20.59,21.73 1 1
github.com/pablontiv/rootline/internal/extract/links_ast.go:21.73,22.23 1 1
github.com/pablontiv/rootline/internal/extract/links_ast.go:23.51,24.12 1 1
github.com/pablontiv/rootline/internal/extract/links_ast.go:27.3,27.59 1 1
github.com/pablontiv/rootline/internal/extract/links_ast.go:27.59,31.23 2 1
github.com/pablontiv/rootline/internal/extract/links_ast.go:31.23,33.5 1 1
github.com/pablontiv/rootline/internal/extract/links_ast.go:35.4,35.36 1 1
github.com/pablontiv/rootline/internal/extract/links_ast.go:42.74,44.35 2 1
github.com/pablontiv/rootline/internal/extract/links_ast.go:44.35,52.71 5 1
github.com/pablontiv/rootline/internal/extract/links_ast.go:52.71,55.49 3 1
github.com/pablontiv/rootline/internal/extract/links_ast.go:55.49,58.5 2 1
github.com/pablontiv/rootline/internal/extract/links_ast.go:58.10,61.5 2 1
github.com/pablontiv/rootline/internal/extract/links_ast.go:62.4,62.33 1 1
github.com/pablontiv/rootline/internal/extract/links_ast.go:68.52,70.49 2 1
github.com/pablontiv/rootline/internal/extract/links_ast.go:70.49,71.24 1 1
github.com/pablontiv/rootline/internal/extract/links_ast.go:71.24,73.4 1 1
github.com/pablontiv/rootline/internal/extract/links_ast.go:75.2,75.13 1 1
github.com/pablontiv/rootline/internal/extract/registry.go:15.30,22.2 3 1
github.com/pablontiv/rootline/internal/extract/registry.go:26.33,34.2 4 1
github.com/pablontiv/rootline/internal/extract/registry.go:38.42,39.45 1 1
github.com/pablontiv/rootline/internal/extract/registry.go:39.45,40.66 1 1
github.com/pablontiv/rootline/internal/extract/registry.go:42.2,43.37 2 1
github.com/pablontiv/rootline/internal/extract/registry.go:43.37,44.53 1 1
github.com/pablontiv/rootline/internal/extract/registry.go:44.53,45.85 1 1
github.com/pablontiv/rootline/internal/extract/registry.go:47.3,47.25 1 1
github.com/pablontiv/rootline/internal/extract/registry.go:54.73,55.25 1 1
github.com/pablontiv/rootline/internal/extract/registry.go:55.25,57.3 1 1
github.com/pablontiv/rootline/internal/extract/registry.go:58.2,59.27 2 1
github.com/pablontiv/rootline/internal/graph/graph.go:42.65,48.30 2 1
github.com/pablontiv/rootline/internal/graph/graph.go:48.30,50.3 1 1
github.com/pablontiv/rootline/internal/graph/graph.go:52.2,52.30 1 1
github.com/pablontiv/rootline/internal/graph/graph.go:52.30,53.34 1 1
github.com/pablontiv/rootline/internal/graph/graph.go:53.34,61.4 2 1
github.com/pablontiv/rootline/internal/graph/graph.go:65.2,67.10 2 1
github.com/pablontiv/rootline/internal/graph/graph.go:72.37,75.28 2 1
github.com/pablontiv/rootline/internal/graph/graph.go:75.28,80.20 4 1
github.com/pablontiv/rootline/internal/graph/graph.go:80.20,82.4 1 1
github.com/pablontiv/rootline/internal/graph/graph.go:85.2,85.34 1 1
github.com/pablontiv/rootline/internal/graph/graph.go:85.34,86.30 1 1
github.com/pablontiv/rootline/internal/graph/graph.go:86.30,87.49 1 1
github.com/pablontiv/rootline/internal/graph/graph.go:87.49,88.13 1 1
github.com/pablontiv/rootline/internal/graph/graph.go:91.4,91.64 1 1
github.com/pablontiv/rootline/internal/graph/graph.go:91.64,93.5 1 1
github.com/pablontiv/rootline/internal/graph/graph.go:100.43,112.26 6 1
github.com/pablontiv/rootline/internal/graph/graph.go:112.26,114.38 2 1
github.com/pablontiv/rootline/internal/graph/graph.go:114.38,116.45 2 1
github.com/pablontiv/rootline/internal/graph/graph.go:116.45,117.13 1 0
github.com/pablontiv/rootline/internal/graph/graph.go:119.4,119.25 1 1
github.com/pablontiv/rootline/internal/graph/graph.go:120.15,122.16 2 1
github.com/pablontiv/rootline/internal/graph/graph.go:123.14,128.23 3 1
github.com/pablontiv/rootline/internal/graph/graph.go:128.23,131.6 2 1
github.com/pablontiv/rootline/internal/graph/graph.go:132.5,134.57 2 1
github.com/pablontiv/rootline/internal/graph/graph.go:134.57,136.6 1 1
github.com/pablontiv/rootline/internal/graph/graph.go:138.5,139.35 2 1
github.com/pablontiv/rootline/internal/graph/graph.go:142.3,142.22 1 1
github.com/pablontiv/rootline/internal/graph/graph.go:145.2,145.28 1 1
github.com/pablontiv/rootline/internal/graph/graph.go:145.28,146.27 1 1
github.com/pablontiv/rootline/internal/graph/graph.go:146.27,148.4 1 1
github.com/pablontiv/rootline/internal/graph/graph.go:151.2,151.15 1 1
github.com/pablontiv/rootline/internal/graph/graph.go:155.44,157.28 2 1
github.com/pablontiv/rootline/internal/graph/graph.go:157.28,159.3 1 1
github.com/pablontiv/rootline/internal/graph/graph.go:161.2,162.32 2 1
github.com/pablontiv/rootline/internal/graph/graph.go:162.32,163.30 1 1
github.com/pablontiv/rootline/internal/graph/graph.go:163.30,164.50 1 1
github.com/pablontiv/rootline/internal/graph/graph.go:164.50,171.85 2 1
github.com/pablontiv/rootline/internal/graph/graph.go:171.85,173.6 1 1
github.com/pablontiv/rootline/internal/graph/graph.go:174.5,174.32 1 1
github.com/pablontiv/rootline/internal/graph/graph.go:178.2,178.15 1 1
github.com/pablontiv/rootline/internal/graph/graph.go:206.69,213.42 2 1
github.com/pablontiv/rootline/internal/graph/graph.go:213.42,215.3 1 1
github.com/pablontiv/rootline/internal/graph/graph.go:218.2,219.18 2 1
github.com/pablontiv/rootline/internal/graph/graph.go:219.18,221.35 2 1
github.com/pablontiv/rootline/internal/graph/graph.go:221.35,222.28 1 1
github.com/pablontiv/rootline/internal/graph/graph.go:222.28,223.39 1 1
github.com/pablontiv/rootline/internal/graph/graph.go:223.39,230.6 1 1
github.com/pablontiv/rootline/internal/graph/graph.go:235.2,245.21 4 1
github.com/pablontiv/rootline/internal/graph/graph.go:245.21,250.21 3 1
github.com/pablontiv/rootline/internal/graph/graph.go:250.21,258.4 2 1
github.com/pablontiv/rootline/internal/graph/graph.go:261.3,261.55 1 1
github.com/pablontiv/rootline/internal/graph/graph.go:261.55,262.12 1 1
github.com/pablontiv/rootline/internal/graph/graph.go:266.3,267.19 2 1
github.com/pablontiv/rootline/internal/graph/graph.go:267.19,269.4 1 1
github.com/pablontiv/rootline/internal/graph/graph.go:269.9,271.4 1 1
github.com/pablontiv/rootline/internal/graph/graph.go:273.3,273.27 1 1
github.com/pablontiv/rootline/internal/graph/graph.go:273.27,275.37 2 1
github.com/pablontiv/rootline/internal/graph/graph.go:275.37,276.13 1 0
github.com/pablontiv/rootline/internal/graph/graph.go:278.4,278.54 1 1
github.com/pablontiv/rootline/internal/graph/graph.go:278.54,279.13 1 0
github.com/pablontiv/rootline/internal/graph/graph.go:281.4,281.23 1 1
github.com/pablontiv/rootline/internal/graph/graph.go:281.23,282.13 1 1
github.com/pablontiv/rootline/internal/graph/graph.go:284.4,290.6 2 1
github.com/pablontiv/rootline/internal/graph/graph.go:294.2,294.15 1 1
github.com/pablontiv/rootline/internal/graph/graph.go:300.54,301.69 1 1
github.com/pablontiv/rootline/internal/graph/graph.go:301.69,304.3 2 0
github.com/pablontiv/rootline/internal/graph/graph.go:305.2,305.15 1 1
github.com/pablontiv/rootline/internal/graph/html.go:20.56,22.16 2 1
github.com/pablontiv/rootline/internal/graph/html.go:22.16,24.3 1 0
github.com/pablontiv/rootline/internal/graph/html.go:26.2,27.16 2 1
github.com/pablontiv/rootline/internal/graph/html.go:27.16,29.3 1 1
github.com/pablontiv/rootline/internal/graph/html.go:31.2,31.47 1 1
github.com/pablontiv/rootline/internal/graph/html.go:31.47,35.3 3 0
github.com/pablontiv/rootline/internal/graph/html.go:37.2,37.34 1 1
github.com/pablontiv/rootline/internal/graph/html.go:37.34,40.3 2 0
github.com/pablontiv/rootline/internal/graph/html.go:42.2,42.22 1 1
github.com/pablontiv/rootline/internal/graph/html.go:47.63,49.16 2 1
github.com/pablontiv/rootline/internal/graph/html.go:49.16,51.3 1 0
github.com/pablontiv/rootline/internal/graph/html.go:53.2,54.16 2 1
github.com/pablontiv/rootline/internal/graph/html.go:54.16,56.3 1 0
github.com/pablontiv/rootline/internal/graph/html.go:58.2,60.48 3 1
github.com/pablontiv/rootline/internal/graph/html.go:60.48,62.3 1 0
github.com/pablontiv/rootline/internal/graph/html.go:64.2,64.25 1 1
github.com/pablontiv/rootline/internal/graph/html.go:69.37,71.22 2 1
github.com/pablontiv/rootline/internal/graph/html.go:72.16,73.35 1 0
github.com/pablontiv/rootline/internal/graph/html.go:74.17,75.49 1 0
github.com/pablontiv/rootline/internal/graph/html.go:76.10,77.39 1 1
github.com/pablontiv/rootline/internal/graph/html.go:79.2,79.20 1 1
github.com/pablontiv/rootline/internal/query/expr_cache.go:24.44,30.2 1 1
github.com/pablontiv/rootline/internal/query/expr_cache.go:32.68,34.40 2 1
github.com/pablontiv/rootline/internal/query/expr_cache.go:34.40,40.3 5 1
github.com/pablontiv/rootline/internal/query/expr_cache.go:41.2,44.16 3 1
github.com/pablontiv/rootline/internal/query/expr_cache.go:44.16,46.3 1 1
github.com/pablontiv/rootline/internal/query/expr_cache.go:48.2,51.40 3 1
github.com/pablontiv/rootline/internal/query/expr_cache.go:51.40,54.3 2 0
github.com/pablontiv/rootline/internal/query/expr_cache.go:56.2,56.33 1 1
github.com/pablontiv/rootline/internal/query/expr_cache.go:56.33,58.20 2 1
github.com/pablontiv/rootline/internal/query/expr_cache.go:58.20,61.4 2 1
github.com/pablontiv/rootline/internal/query/expr_cache.go:64.2,68.21 4 1
github.com/pablontiv/rootline/internal/query/expr_eval.go:17.58,19.2 1 1
github.com/pablontiv/rootline/internal/query/expr_eval.go:26.84,32.36 2 1
github.com/pablontiv/rootline/internal/query/expr_eval.go:32.36,34.3 1 1
github.com/pablontiv/rootline/internal/query/expr_eval.go:35.2,35.32 1 1
github.com/pablontiv/rootline/internal/query/expr_eval.go:35.32,37.3 1 1
github.com/pablontiv/rootline/internal/query/expr_eval.go:38.2,38.25 1 1
github.com/pablontiv/rootline/internal/query/expr_eval.go:38.25,40.3 1 1
github.com/pablontiv/rootline/internal/query/expr_eval.go:42.2,42.47 1 1
github.com/pablontiv/rootline/internal/query/expr_eval.go:42.47,43.39 1 1
github.com/pablontiv/rootline/internal/query/expr_eval.go:43.39,44.12 1 1
github.com/pablontiv/rootline/internal/query/expr_eval.go:46.3,46.36 1 1
github.com/pablontiv/rootline/internal/query/expr_eval.go:46.36,48.4 1 1
github.com/pablontiv/rootline/internal/query/expr_eval.go:50.2,50.12 1 1
github.com/pablontiv/rootline/internal/query/expr_eval.go:56.126,59.16 3 1
github.com/pablontiv/rootline/internal/query/expr_eval.go:59.16,61.49 1 0
github.com/pablontiv/rootline/internal/query/expr_eval.go:61.49,63.4 1 0
github.com/pablontiv/rootline/internal/query/expr_eval.go:64.3,64.67 1 0
github.com/pablontiv/rootline/internal/query/expr_eval.go:66.2,67.9 2 1
github.com/pablontiv/rootline/internal/query/expr_eval.go:67.9,69.3 1 0
github.com/pablontiv/rootline/internal/query/expr_eval.go:70.2,70.20 1 1
github.com/pablontiv/rootline/internal/query/expr_eval.go:75.107,77.21 2 1
github.com/pablontiv/rootline/internal/query/expr_eval.go:77.21,80.17 3 1
github.com/pablontiv/rootline/internal/query/expr_eval.go:80.17,82.4 1 0
github.com/pablontiv/rootline/internal/query/expr_eval.go:85.2,86.30 2 1
github.com/pablontiv/rootline/internal/query/expr_eval.go:86.30,87.21 1 1
github.com/pablontiv/rootline/internal/query/expr_eval.go:87.21,89.12 2 1
github.com/pablontiv/rootline/internal/query/expr_eval.go:91.3,92.17 2 1
github.com/pablontiv/rootline/internal/query/expr_eval.go:92.17,94.4 1 0
github.com/pablontiv/rootline/internal/query/expr_eval.go:95.3,95.12 1 1
github.com/pablontiv/rootline/internal/query/expr_eval.go:95.12,97.4 1 1
github.com/pablontiv/rootline/internal/query/expr_eval.go:100.2,100.13 1 1
github.com/pablontiv/rootline/internal/query/expr_eval.go:100.13,107.3 1 1
github.com/pablontiv/rootline/internal/query/expr_eval.go:109.2,109.44 1 1
github.com/pablontiv/rootline/internal/query/expr_eval.go:109.44,111.3 1 1
github.com/pablontiv/rootline/internal/query/expr_eval.go:113.2,113.21 1 1
github.com/pablontiv/rootline/internal/query/expr_eval.go:113.21,115.3 1 0
github.com/pablontiv/rootline/internal/query/expr_eval.go:117.2,122.8 1 1
github.com/pablontiv/rootline/internal/query/field_check.go:23.77,26.32 2 1
github.com/pablontiv/rootline/internal/query/field_check.go:26.32,28.3 1 1
github.com/pablontiv/rootline/internal/query/field_check.go:30.2,33.6 3 1
github.com/pablontiv/rootline/internal/query/field_check.go:33.6,35.17 2 1
github.com/pablontiv/rootline/internal/query/field_check.go:35.17,36.9 1 1
github.com/pablontiv/rootline/internal/query/field_check.go:39.3,40.31 2 1
github.com/pablontiv/rootline/internal/query/field_check.go:40.31,41.9 1 0
github.com/pablontiv/rootline/internal/query/field_check.go:43.3,50.23 5 1
github.com/pablontiv/rootline/internal/query/field_check.go:50.23,53.4 2 1
github.com/pablontiv/rootline/internal/query/field_check.go:53.9,55.4 1 1
github.com/pablontiv/rootline/internal/query/field_check.go:56.3,56.33 1 1
github.com/pablontiv/rootline/internal/query/field_check.go:59.2,59.17 1 1
github.com/pablontiv/rootline/internal/query/field_check.go:64.47,67.50 2 1
github.com/pablontiv/rootline/internal/query/field_check.go:67.50,69.3 1 1
github.com/pablontiv/rootline/internal/query/field_check.go:70.2,74.13 4 1
github.com/pablontiv/rootline/internal/query/field_check.go:74.13,76.3 1 0
github.com/pablontiv/rootline/internal/query/field_check.go:77.2,80.13 3 1
github.com/pablontiv/rootline/internal/query/field_check.go:80.13,82.3 1 0
github.com/pablontiv/rootline/internal/query/field_check.go:83.2,83.19 1 1
github.com/pablontiv/rootline/internal/query/query.go:74.64,80.30 3 1
github.com/pablontiv/rootline/internal/query/query.go:80.30,81.46 1 1
github.com/pablontiv/rootline/internal/query/query.go:81.46,83.4 1 1
github.com/pablontiv/rootline/internal/query/query.go:86.2,86.13 1 1
github.com/pablontiv/rootline/internal/query/query.go:86.13,92.3 1 1
github.com/pablontiv/rootline/internal/query/query.go:94.2,94.44 1 1
github.com/pablontiv/rootline/internal/query/query.go:94.44,96.3 1 1
github.com/pablontiv/rootline/internal/query/query.go:98.2,98.21 1 1
github.com/pablontiv/rootline/internal/query/query.go:98.21,100.3 1 1
github.com/pablontiv/rootline/internal/query/query.go:102.2,107.8 1 1
github.com/pablontiv/rootline/internal/query/query.go:111.41,113.2 1 1
github.com/pablontiv/rootline/internal/query/query.go:116.57,117.17 1 1
github.com/pablontiv/rootline/internal/query/query.go:118.12,119.46 1 1
github.com/pablontiv/rootline/internal/query/query.go:120.12,121.46 1 1
github.com/pablontiv/rootline/internal/query/query.go:122.12,123.47 1 1
github.com/pablontiv/rootline/internal/query/query.go:124.18,125.52 1 1
github.com/pablontiv/rootline/internal/query/query.go:126.16,127.38 1 1
github.com/pablontiv/rootline/internal/query/query.go:128.13,129.38 1 1
github.com/pablontiv/rootline/internal/query/query.go:130.10,131.15 1 1
github.com/pablontiv/rootline/internal/query/query.go:135.61,137.9 2 1
github.com/pablontiv/rootline/internal/query/query.go:137.9,139.3 1 1
github.com/pablontiv/rootline/internal/query/query.go:141.2,141.39 1 1
github.com/pablontiv/rootline/internal/query/query.go:141.39,142.28 1 1
github.com/pablontiv/rootline/internal/query/query.go:142.28,143.21 1 1
github.com/pablontiv/rootline/internal/query/query.go:143.21,145.5 1 1
github.com/pablontiv/rootline/internal/query/query.go:147.3,147.15 1 0
github.com/pablontiv/rootline/internal/query/query.go:149.2,149.40 1 1
github.com/pablontiv/rootline/internal/query/query.go:152.61,154.9 2 1
github.com/pablontiv/rootline/internal/query/query.go:154.9,156.3 1 1
github.com/pablontiv/rootline/internal/query/query.go:157.2,157.40 1 1
github.com/pablontiv/rootline/internal/query/query.go:160.71,162.9 2 1
github.com/pablontiv/rootline/internal/query/query.go:162.9,164.3 1 1
github.com/pablontiv/rootline/internal/query/query.go:166.2,166.39 1 1
github.com/pablontiv/rootline/internal/query/query.go:166.39,167.28 1 1
github.com/pablontiv/rootline/internal/query/query.go:167.28,168.29 1 1
github.com/pablontiv/rootline/internal/query/query.go:168.29,169.18 1 1
github.com/pablontiv/rootline/internal/query/query.go:169.18,171.6 1 1
github.com/pablontiv/rootline/internal/query/query.go:174.3,174.15 1 0
github.com/pablontiv/rootline/internal/query/query.go:176.2,177.27 2 1
github.com/pablontiv/rootline/internal/query/query.go:177.27,178.13 1 1
github.com/pablontiv/rootline/internal/query/query.go:178.13,180.4 1 1
github.com/pablontiv/rootline/internal/query/query.go:182.2,182.14 1 1
github.com/pablontiv/rootline/internal/query/query.go:185.68,186.21 1 1
github.com/pablontiv/rootline/internal/query/query.go:186.21,188.3 1 1
github.com/pablontiv/rootline/internal/query/query.go:189.2,190.9 2 1
github.com/pablontiv/rootline/internal/query/query.go:190.9,192.3 1 1
github.com/pablontiv/rootline/internal/query/query.go:194.2,194.39 1 1
github.com/pablontiv/rootline/internal/query/query.go:194.39,195.28 1 1
github.com/pablontiv/rootline/internal/query/query.go:195.28,196.38 1 1
github.com/pablontiv/rootline/internal/query/query.go:196.38,198.5 1 1
github.com/pablontiv/rootline/internal/query/query.go:200.3,200.15 1 0
github.com/pablontiv/rootline/internal/query/query.go:202.2,202.57 1 1
github.com/pablontiv/rootline/internal/query/query.go:205.58,208.2 2 1
github.com/pablontiv/rootline/internal/query/query.go:210.63,211.26 1 1
github.com/pablontiv/rootline/internal/query/query.go:211.26,212.34 1 1
github.com/pablontiv/rootline/internal/query/query.go:212.34,214.4 1 1
github.com/pablontiv/rootline/internal/query/query.go:216.2,216.13 1 1
github.com/pablontiv/rootline/internal/query/query.go:221.66,222.15 1 1
github.com/pablontiv/rootline/internal/query/query.go:223.14,224.24 1 1
github.com/pablontiv/rootline/internal/query/query.go:225.14,226.24 1 0
github.com/pablontiv/rootline/internal/query/query.go:227.14,228.24 1 0
github.com/pablontiv/rootline/internal/query/query.go:229.15,230.26 1 0
github.com/pablontiv/rootline/internal/query/query.go:230.26,232.4 1 0
github.com/pablontiv/rootline/internal/query/query.go:233.3,233.25 1 0
github.com/pablontiv/rootline/internal/query/query.go:237.2,237.43 1 1
github.com/pablontiv/rootline/internal/query/query.go:237.43,239.3 1 0
github.com/pablontiv/rootline/internal/query/query.go:242.2,242.46 1 1
github.com/pablontiv/rootline/internal/query/query.go:242.46,244.42 2 1
github.com/pablontiv/rootline/internal/query/query.go:244.42,246.4 1 1
github.com/pablontiv/rootline/internal/query/query.go:249.2,249.19 1 1
github.com/pablontiv/rootline/internal/query/query.go:253.46,254.25 1 1
github.com/pablontiv/rootline/internal/query/query.go:255.13,257.26 2 1
github.com/pablontiv/rootline/internal/query/query.go:257.26,259.4 1 1
github.com/pablontiv/rootline/internal/query/query.go:260.3,260.22 1 1
github.com/pablontiv/rootline/internal/query/query.go:261.16,262.17 1 0
github.com/pablontiv/rootline/internal/query/query.go:264.2,264.19 1 1
github.com/pablontiv/rootline/internal/query/shortcuts.go:16.43,18.34 1 1
github.com/pablontiv/rootline/internal/query/shortcuts.go:18.34,20.3 1 1
github.com/pablontiv/rootline/internal/query/shortcuts.go:23.2,23.49 1 1
github.com/pablontiv/rootline/internal/query/shortcuts.go:23.49,25.3 1 1
github.com/pablontiv/rootline/internal/query/shortcuts.go:28.2,28.31 1 1
github.com/pablontiv/rootline/internal/query/shortcuts.go:33.49,34.17 1 1
github.com/pablontiv/rootline/internal/query/shortcuts.go:34.17,36.3 1 1
github.com/pablontiv/rootline/internal/query/shortcuts.go:37.2,38.31 2 1
github.com/pablontiv/rootline/internal/query/shortcuts.go:38.31,40.3 1 1
github.com/pablontiv/rootline/internal/query/sort.go:21.52,23.16 2 1
github.com/pablontiv/rootline/internal/query/sort.go:23.16,25.3 1 1
github.com/pablontiv/rootline/internal/query/sort.go:27.2,30.29 3 1
github.com/pablontiv/rootline/internal/query/sort.go:30.29,32.17 2 1
github.com/pablontiv/rootline/internal/query/sort.go:32.17,33.12 1 0
github.com/pablontiv/rootline/internal/query/sort.go:36.3,37.24 2 1
github.com/pablontiv/rootline/internal/query/sort.go:37.24,39.4 1 1
github.com/pablontiv/rootline/internal/query/sort.go:41.3,42.18 2 1
github.com/pablontiv/rootline/internal/query/sort.go:42.18,44.4 1 0
github.com/pablontiv/rootline/internal/query/sort.go:46.3,47.25 2 1
github.com/pablontiv/rootline/internal/query/sort.go:47.25,49.15 2 1
github.com/pablontiv/rootline/internal/query/sort.go:50.15,51.17 1 1
github.com/pablontiv/rootline/internal/query/sort.go:52.16,53.16 1 1
github.com/pablontiv/rootline/internal/query/sort.go:54.12,55.98 1 1
github.com/pablontiv/rootline/internal/query/sort.go:59.3,59.57 1 1
github.com/pablontiv/rootline/internal/query/sort.go:62.2,62.18 1 1
github.com/pablontiv/rootline/internal/query/sort.go:68.98,69.40 1 1
github.com/pablontiv/rootline/internal/query/sort.go:69.40,71.3 1 1
github.com/pablontiv/rootline/internal/query/sort.go:74.2,76.48 2 1
github.com/pablontiv/rootline/internal/query/sort.go:76.48,77.28 1 1
github.com/pablontiv/rootline/internal/query/sort.go:77.28,81.20 3 1
github.com/pablontiv/rootline/internal/query/sort.go:81.20,82.13 1 0
github.com/pablontiv/rootline/internal/query/sort.go:84.4,84.12 1 1
github.com/pablontiv/rootline/internal/query/sort.go:84.12,86.5 1 1
github.com/pablontiv/rootline/internal/query/sort.go:87.4,87.12 1 1
github.com/pablontiv/rootline/internal/query/sort.go:87.12,89.5 1 1
github.com/pablontiv/rootline/internal/query/sort.go:91.4,92.16 2 1
github.com/pablontiv/rootline/internal/query/sort.go:92.16,93.13 1 1
github.com/pablontiv/rootline/internal/query/sort.go:95.4,95.16 1 1
github.com/pablontiv/rootline/internal/query/sort.go:95.16,97.5 1 1
github.com/pablontiv/rootline/internal/query/sort.go:98.4,98.18 1 1
github.com/pablontiv/rootline/internal/query/sort.go:100.3,100.15 1 1
github.com/pablontiv/rootline/internal/query/sort.go:105.102,107.19 2 1
github.com/pablontiv/rootline/internal/query/sort.go:107.19,109.3 1 1
github.com/pablontiv/rootline/internal/query/sort.go:110.2,110.27 1 1
github.com/pablontiv/rootline/internal/query/sort.go:110.27,112.54 2 1
github.com/pablontiv/rootline/internal/query/sort.go:112.54,113.12 1 1
github.com/pablontiv/rootline/internal/query/sort.go:115.3,116.31 2 1
github.com/pablontiv/rootline/internal/query/sort.go:116.31,118.4 1 1
github.com/pablontiv/rootline/internal/query/sort.go:119.3,119.27 1 1
github.com/pablontiv/rootline/internal/query/sort.go:121.2,121.16 1 1
github.com/pablontiv/rootline/internal/query/sort.go:127.85,132.18 3 1
github.com/pablontiv/rootline/internal/query/sort.go:132.18,134.3 1 0
github.com/pablontiv/rootline/internal/query/sort.go:135.2,135.10 1 1
github.com/pablontiv/rootline/internal/query/sort.go:135.10,137.3 1 0
github.com/pablontiv/rootline/internal/query/sort.go:138.2,138.10 1 1
github.com/pablontiv/rootline/internal/query/sort.go:138.10,140.3 1 0
github.com/pablontiv/rootline/internal/query/sort.go:143.2,143.22 1 1
github.com/pablontiv/rootline/internal/query/sort.go:143.22,148.14 5 1
github.com/pablontiv/rootline/internal/query/sort.go:148.14,150.4 1 0
github.com/pablontiv/rootline/internal/query/sort.go:151.3,151.14 1 1
github.com/pablontiv/rootline/internal/query/sort.go:151.14,153.4 1 1
github.com/pablontiv/rootline/internal/query/sort.go:154.3,154.14 1 1
github.com/pablontiv/rootline/internal/query/sort.go:154.14,156.4 1 1
github.com/pablontiv/rootline/internal/query/sort.go:157.3,157.14 1 1
github.com/pablontiv/rootline/internal/query/sort.go:157.14,159.4 1 1
github.com/pablontiv/rootline/internal/query/sort.go:160.3,160.11 1 1
github.com/pablontiv/rootline/internal/query/sort.go:164.2,166.18 3 1
github.com/pablontiv/rootline/internal/query/sort.go:166.18,167.14 1 1
github.com/pablontiv/rootline/internal/query/sort.go:167.14,169.4 1 1
github.com/pablontiv/rootline/internal/query/sort.go:170.3,170.14 1 1
github.com/pablontiv/rootline/internal/query/sort.go:170.14,172.4 1 1
github.com/pablontiv/rootline/internal/query/sort.go:173.3,173.11 1 0
github.com/pablontiv/rootline/internal/query/sort.go:177.2,179.32 3 1
github.com/pablontiv/rootline/internal/query/sort.go:184.39,185.25 1 1
github.com/pablontiv/rootline/internal/query/sort.go:186.15,187.19 1 0
github.com/pablontiv/rootline/internal/query/sort.go:188.15,189.28 1 0
github.com/pablontiv/rootline/internal/query/sort.go:190.11,191.28 1 1
github.com/pablontiv/rootline/internal/query/sort.go:192.13,193.28 1 0
github.com/pablontiv/rootline/internal/query/sort.go:194.14,196.23 2 1
github.com/pablontiv/rootline/internal/query/sort.go:198.2,198.17 1 0
github.com/pablontiv/rootline/internal/derive/aggregate.go:24.103,25.21 1 1
github.com/pablontiv/rootline/internal/derive/aggregate.go:25.21,27.3 1 1
github.com/pablontiv/rootline/internal/derive/aggregate.go:30.2,33.30 3 1
github.com/pablontiv/rootline/internal/derive/aggregate.go:33.30,34.63 1 1
github.com/pablontiv/rootline/internal/derive/aggregate.go:34.63,36.4 1 1
github.com/pablontiv/rootline/internal/derive/aggregate.go:36.9,38.4 1 1
github.com/pablontiv/rootline/internal/derive/aggregate.go:41.2,41.28 1 1
github.com/pablontiv/rootline/internal/derive/aggregate.go:41.28,43.3 1 1
github.com/pablontiv/rootline/internal/derive/aggregate.go:46.2,46.47 1 1
github.com/pablontiv/rootline/internal/derive/aggregate.go:46.47,48.3 1 1
github.com/pablontiv/rootline/internal/derive/aggregate.go:51.2,53.35 2 1
github.com/pablontiv/rootline/internal/derive/aggregate.go:53.35,55.23 1 1
github.com/pablontiv/rootline/internal/derive/aggregate.go:55.23,57.4 1 0
github.com/pablontiv/rootline/internal/derive/aggregate.go:59.3,63.10 4 1
github.com/pablontiv/rootline/internal/derive/aggregate.go:63.10,66.4 2 1
github.com/pablontiv/rootline/internal/derive/aggregate.go:68.3,68.44 1 1
github.com/pablontiv/rootline/internal/derive/aggregate.go:68.44,69.12 1 1
github.com/pablontiv/rootline/internal/derive/aggregate.go:72.3,78.20 3 1
github.com/pablontiv/rootline/internal/derive/aggregate.go:78.20,80.4 1 1
github.com/pablontiv/rootline/internal/derive/aggregate.go:83.3,84.39 2 1
github.com/pablontiv/rootline/internal/derive/aggregate.go:84.39,85.43 1 1
github.com/pablontiv/rootline/internal/derive/aggregate.go:85.43,87.5 1 1
github.com/pablontiv/rootline/internal/derive/aggregate.go:91.3,92.38 2 1
github.com/pablontiv/rootline/internal/derive/aggregate.go:92.38,93.30 1 1
github.com/pablontiv/rootline/internal/derive/aggregate.go:93.30,94.13 1 1
github.com/pablontiv/rootline/internal/derive/aggregate.go:96.4,97.43 2 1
github.com/pablontiv/rootline/internal/derive/aggregate.go:97.43,99.5 1 1
github.com/pablontiv/rootline/internal/derive/aggregate.go:102.3,102.51 1 1
github.com/pablontiv/rootline/internal/derive/aggregate.go:107.132,113.32 4 1
github.com/pablontiv/rootline/internal/derive/aggregate.go:113.32,115.3 1 1
github.com/pablontiv/rootline/internal/derive/aggregate.go:116.2,120.29 3 1
github.com/pablontiv/rootline/internal/derive/aggregate.go:120.29,122.31 2 1
github.com/pablontiv/rootline/internal/derive/aggregate.go:122.31,124.4 1 1
github.com/pablontiv/rootline/internal/derive/aggregate.go:125.3,125.20 1 1
github.com/pablontiv/rootline/internal/derive/aggregate.go:127.2,131.37 3 1
github.com/pablontiv/rootline/internal/derive/aggregate.go:131.37,133.3 1 1
github.com/pablontiv/rootline/internal/derive/aggregate.go:134.2,136.31 2 1
github.com/pablontiv/rootline/internal/derive/aggregate.go:136.31,139.10 3 1
github.com/pablontiv/rootline/internal/derive/aggregate.go:139.10,140.12 1 0
github.com/pablontiv/rootline/internal/derive/aggregate.go:143.3,144.17 2 1
github.com/pablontiv/rootline/internal/derive/aggregate.go:144.17,145.12 1 0
github.com/pablontiv/rootline/internal/derive/aggregate.go:148.3,149.17 2 1
github.com/pablontiv/rootline/internal/derive/aggregate.go:149.17,150.12 1 0
github.com/pablontiv/rootline/internal/derive/aggregate.go:153.3,153.28 1 1
github.com/pablontiv/rootline/internal/derive/aggregate.go:153.28,155.4 1 0
github.com/pablontiv/rootline/internal/derive/aggregate.go:156.3,156.33 1 1
github.com/pablontiv/rootline/internal/derive/aggregate.go:161.86,163.2 1 1
github.com/pablontiv/rootline/internal/derive/builtins.go:17.31,22.2 4 1
github.com/pablontiv/rootline/internal/derive/builtins.go:26.37,29.37 1 1
github.com/pablontiv/rootline/internal/derive/builtins.go:29.37,31.12 2 1
github.com/pablontiv/rootline/internal/derive/builtins.go:31.12,33.6 1 0
github.com/pablontiv/rootline/internal/derive/builtins.go:34.5,34.27 1 1
github.com/pablontiv/rootline/internal/derive/builtins.go:39.37,41.12 2 1
github.com/pablontiv/rootline/internal/derive/builtins.go:41.12,43.6 1 0
github.com/pablontiv/rootline/internal/derive/builtins.go:44.5,44.35 1 1
github.com/pablontiv/rootline/internal/derive/builtins.go:49.37,51.12 2 1
github.com/pablontiv/rootline/internal/derive/builtins.go:51.12,53.6 1 0
github.com/pablontiv/rootline/internal/derive/builtins.go:54.5,54.35 1 1
github.com/pablontiv/rootline/internal/derive/builtins.go:59.37,61.12 2 1
github.com/pablontiv/rootline/internal/derive/builtins.go:61.12,63.6 1 0
github.com/pablontiv/rootline/internal/derive/builtins.go:64.5,64.53 1 1
github.com/pablontiv/rootline/internal/derive/builtins.go:69.37,71.12 2 1
github.com/pablontiv/rootline/internal/derive/builtins.go:71.12,73.6 1 0
github.com/pablontiv/rootline/internal/derive/builtins.go:74.5,74.23 1 1
github.com/pablontiv/rootline/internal/derive/builtins.go:79.37,81.30 2 1
github.com/pablontiv/rootline/internal/derive/builtins.go:81.30,83.6 1 1
github.com/pablontiv/rootline/internal/derive/builtins.go:84.5,84.40 1 1
github.com/pablontiv/rootline/internal/derive/builtins.go:92.29,93.14 1 1
github.com/pablontiv/rootline/internal/derive/builtins.go:93.14,95.3 1 0
github.com/pablontiv/rootline/internal/derive/builtins.go:96.2,96.29 1 1
github.com/pablontiv/rootline/internal/derive/builtins.go:96.29,98.3 1 1
github.com/pablontiv/rootline/internal/derive/builtins.go:99.2,101.55 2 0
github.com/pablontiv/rootline/internal/derive/builtins.go:106.64,110.2 3 1
github.com/pablontiv/rootline/internal/derive/derive.go:29.51,34.2 2 1
github.com/pablontiv/rootline/internal/derive/derive.go:37.71,39.16 2 1
github.com/pablontiv/rootline/internal/derive/derive.go:39.16,41.3 1 1
github.com/pablontiv/rootline/internal/derive/derive.go:42.2,42.69 1 1
github.com/pablontiv/rootline/internal/derive/derive.go:46.83,48.16 2 1
github.com/pablontiv/rootline/internal/derive/derive.go:48.16,50.3 1 0
github.com/pablontiv/rootline/internal/derive/derive.go:51.2,51.20 1 1
github.com/pablontiv/rootline/internal/derive/derive.go:57.58,59.32 2 1
github.com/pablontiv/rootline/internal/derive/derive.go:59.32,61.3 1 1
github.com/pablontiv/rootline/internal/derive/derive.go:62.2,62.12 1 1
github.com/pablontiv/rootline/internal/derive/enrich.go:20.105,21.21 1 1
github.com/pablontiv/rootline/internal/derive/enrich.go:21.21,23.3 1 1
github.com/pablontiv/rootline/internal/derive/enrich.go:25.2,27.30 2 1
github.com/pablontiv/rootline/internal/derive/enrich.go:27.30,28.23 1 1
github.com/pablontiv/rootline/internal/derive/enrich.go:28.23,30.4 1 0
github.com/pablontiv/rootline/internal/derive/enrich.go:32.3,36.10 4 1
github.com/pablontiv/rootline/internal/derive/enrich.go:36.10,39.4 2 1
github.com/pablontiv/rootline/internal/derive/enrich.go:41.3,41.25 1 1
github.com/pablontiv/rootline/internal/derive/enrich.go:41.25,43.4 1 1
github.com/pablontiv/rootline/internal/derive/enrich.go:44.3,47.38 2 1
github.com/pablontiv/rootline/internal/derive/enrich.go:47.38,48.40 1 1
github.com/pablontiv/rootline/internal/derive/enrich.go:48.40,49.28 1 1
github.com/pablontiv/rootline/internal/derive/enrich.go:49.28,50.14 1 1
github.com/pablontiv/rootline/internal/derive/enrich.go:53.5,54.35 2 1
github.com/pablontiv/rootline/internal/derive/enrich.go:54.35,56.6 1 1
github.com/pablontiv/rootline/internal/derive/enrich.go:56.11,56.65 1 1
github.com/pablontiv/rootline/internal/derive/enrich.go:56.65,60.35 3 1
github.com/pablontiv/rootline/internal/derive/enrich.go:60.35,63.7 2 1
github.com/pablontiv/rootline/internal/derive/enrich.go:66.5,66.20 1 1
github.com/pablontiv/rootline/internal/derive/enrich.go:66.20,68.6 1 1
github.com/pablontiv/rootline/internal/derive/enrich.go:76.40,78.29 2 1
github.com/pablontiv/rootline/internal/derive/enrich.go:78.29,80.36 2 1
github.com/pablontiv/rootline/internal/derive/enrich.go:80.36,82.4 1 1
github.com/pablontiv/rootline/internal/derive/enrich.go:84.2,84.11 1 1
github.com/pablontiv/rootline/internal/derive/enrich.go:90.61,95.29 4 1
github.com/pablontiv/rootline/internal/derive/enrich.go:95.29,97.25 2 1
github.com/pablontiv/rootline/internal/derive/enrich.go:97.25,99.12 2 1
github.com/pablontiv/rootline/internal/derive/enrich.go:102.3,102.12 1 1
github.com/pablontiv/rootline/internal/derive/enrich.go:102.12,104.56 1 1
github.com/pablontiv/rootline/internal/derive/enrich.go:104.56,105.10 1 1
github.com/pablontiv/rootline/internal/derive/enrich.go:108.4,108.21 1 1
github.com/pablontiv/rootline/internal/derive/enrich.go:108.21,110.5 1 1
github.com/pablontiv/rootline/internal/derive/enrich.go:114.2,114.21 1 1
github.com/pablontiv/rootline/internal/derive/enrich.go:114.21,116.3 1 1
github.com/pablontiv/rootline/internal/derive/enrich.go:117.2,117.11 1 1
github.com/pablontiv/rootline/internal/derive/enrich.go:121.88,123.2 1 1
github.com/pablontiv/rootline/internal/derive/links.go:75.61,80.28 2 1
github.com/pablontiv/rootline/internal/derive/links.go:80.28,85.20 5 1
github.com/pablontiv/rootline/internal/derive/links.go:85.20,87.4 1 1
github.com/pablontiv/rootline/internal/derive/links.go:89.2,89.10 1 1
github.com/pablontiv/rootline/internal/derive/links.go:95.60,96.34 1 1
github.com/pablontiv/rootline/internal/derive/links.go:96.34,98.3 1 1
github.com/pablontiv/rootline/internal/derive/links.go:99.2,99.62 1 1
github.com/pablontiv/rootline/internal/derive/links.go:99.62,101.3 1 1
github.com/pablontiv/rootline/internal/derive/links.go:102.2,102.12 1 1
github.com/pablontiv/rootline/internal/derive/links.go:115.116,116.89 1 1
github.com/pablontiv/rootline/internal/derive/links.go:116.89,118.3 1 1
github.com/pablontiv/rootline/internal/derive/links.go:120.2,122.36 2 1
github.com/pablontiv/rootline/internal/derive/links.go:122.36,124.30 2 1
github.com/pablontiv/rootline/internal/derive/links.go:124.30,125.12 1 1
github.com/pablontiv/rootline/internal/derive/links.go:129.3,131.20 3 1
github.com/pablontiv/rootline/internal/derive/links.go:131.20,134.4 1 1
github.com/pablontiv/rootline/internal/derive/links.go:135.3,135.20 1 1
github.com/pablontiv/rootline/internal/derive/links.go:135.20,136.12 1 1
github.com/pablontiv/rootline/internal/derive/links.go:141.3,142.23 2 1
github.com/pablontiv/rootline/internal/derive/links.go:142.23,144.4 1 1
github.com/pablontiv/rootline/internal/derive/links.go:146.3,147.9 2 1
github.com/pablontiv/rootline/internal/derive/links.go:147.9,149.4 1 1
github.com/pablontiv/rootline/internal/derive/links.go:152.2,152.41 1 1
github.com/pablontiv/rootline/internal/derive/links.go:152.41,154.3 1 1
github.com/pablontiv/rootline/internal/derive/links.go:160.54,161.69 1 1
github.com/pablontiv/rootline/internal/derive/links.go:161.69,164.3 2 1
github.com/pablontiv/rootline/internal/derive/links.go:165.2,165.15 1 1
github.com/pablontiv/rootline/internal/derive/pipeline.go:25.100,26.21 1 1
github.com/pablontiv/rootline/internal/derive/pipeline.go:26.21,28.3 1 1
github.com/pablontiv/rootline/internal/derive/pipeline.go:31.2,32.30 2 1
github.com/pablontiv/rootline/internal/derive/pipeline.go:32.30,35.3 2 1
github.com/pablontiv/rootline/internal/derive/pipeline.go:38.2,43.30 3 1
github.com/pablontiv/rootline/internal/derive/pipeline.go:43.30,45.23 1 1
github.com/pablontiv/rootline/internal/derive/pipeline.go:45.23,47.4 1 0
github.com/pablontiv/rootline/internal/derive/pipeline.go:49.3,53.10 4 1
github.com/pablontiv/rootline/internal/derive/pipeline.go:53.10,56.4 2 1
github.com/pablontiv/rootline/internal/derive/pipeline.go:58.3,58.41 1 1
github.com/pablontiv/rootline/internal/derive/pipeline.go:58.41,59.12 1 1
github.com/pablontiv/rootline/internal/derive/pipeline.go:63.3,66.30 4 1
github.com/pablontiv/rootline/internal/derive/pipeline.go:66.30,67.26 1 1
github.com/pablontiv/rootline/internal/derive/pipeline.go:67.26,69.5 1 1
github.com/pablontiv/rootline/internal/derive/pipeline.go:73.3,73.74 1 1
github.com/pablontiv/rootline/internal/derive/pipeline.go:78.37,79.42 1 1
github.com/pablontiv/rootline/internal/derive/pipeline.go:79.42,81.17 2 1
github.com/pablontiv/rootline/internal/derive/pipeline.go:81.17,83.4 1 1
github.com/pablontiv/rootline/internal/derive/pipeline.go:84.3,84.39 1 0
github.com/pablontiv/rootline/internal/derive/pipeline.go:90.83,92.2 1 1
github.com/pablontiv/rootline/internal/derive/pipeline.go:98.54,100.2 1 1
github.com/pablontiv/rootline/internal/derive/record.go:21.50,22.31 1 1
github.com/pablontiv/rootline/internal/derive/record.go:22.31,24.3 1 1
github.com/pablontiv/rootline/internal/derive/record.go:34.38,36.2 1 1
github.com/pablontiv/rootline/internal/derive/record.go:49.163,50.52 1 1
github.com/pablontiv/rootline/internal/derive/record.go:50.52,52.3 1 1
github.com/pablontiv/rootline/internal/derive/record.go:55.2,56.27 2 1
github.com/pablontiv/rootline/internal/derive/record.go:56.27,58.3 1 1
github.com/pablontiv/rootline/internal/derive/record.go:60.2,67.21 4 1
github.com/pablontiv/rootline/internal/derive/record.go:67.21,69.30 2 1
github.com/pablontiv/rootline/internal/derive/record.go:69.30,71.4 1 1
github.com/pablontiv/rootline/internal/derive/record.go:72.3,72.30 1 1
github.com/pablontiv/rootline/internal/derive/record.go:75.2,80.34 4 1
github.com/pablontiv/rootline/internal/derive/record.go:80.34,82.3 1 1
github.com/pablontiv/rootline/internal/derive/record.go:83.2,85.31 2 1
github.com/pablontiv/rootline/internal/derive/record.go:85.31,88.10 3 1
github.com/pablontiv/rootline/internal/derive/record.go:88.10,94.12 2 1
github.com/pablontiv/rootline/internal/derive/record.go:97.3,98.17 2 1
github.com/pablontiv/rootline/internal/derive/record.go:98.17,104.12 2 1
github.com/pablontiv/rootline/internal/derive/record.go:107.3,108.17 2 1
github.com/pablontiv/rootline/internal/derive/record.go:108.17,114.12 2 0
github.com/pablontiv/rootline/internal/derive/record.go:117.3,117.26 1 1
github.com/pablontiv/rootline/internal/derive/record.go:121.2,123.19 2 1
github.com/pablontiv/rootline/internal/derive/record.go:123.19,125.3 1 1
github.com/pablontiv/rootline/internal/derive/record.go:126.2,126.21 1 1
github.com/pablontiv/rootline/internal/derive/record.go:130.51,132.34 2 1
github.com/pablontiv/rootline/internal/derive/record.go:132.34,134.3 1 1
github.com/pablontiv/rootline/internal/derive/record.go:135.2,137.10 3 1
github.com/pablontiv/rootline/internal/proposal/evolution.go:11.90,19.21 2 1
github.com/pablontiv/rootline/internal/proposal/evolution.go:20.28,22.65 2 1
github.com/pablontiv/rootline/internal/proposal/evolution.go:24.31,28.77 4 1
github.com/pablontiv/rootline/internal/proposal/evolution.go:30.27,34.65 4 1
github.com/pablontiv/rootline/internal/proposal/evolution.go:36.32,38.83 2 1
github.com/pablontiv/rootline/internal/proposal/evolution.go:40.31,44.50 4 1
github.com/pablontiv/rootline/internal/proposal/evolution.go:46.10,49.75 2 0
github.com/pablontiv/rootline/internal/proposal/evolution.go:52.2,52.10 1 1
github.com/pablontiv/rootline/internal/proposal/evolution.go:57.62,61.38 2 1
github.com/pablontiv/rootline/internal/proposal/evolution.go:61.38,62.23 1 1
github.com/pablontiv/rootline/internal/proposal/evolution.go:62.23,63.12 1 1
github.com/pablontiv/rootline/internal/proposal/evolution.go:66.3,67.39 2 1
github.com/pablontiv/rootline/internal/proposal/evolution.go:71.2,72.30 2 1
github.com/pablontiv/rootline/internal/proposal/evolution.go:72.30,73.17 1 1
github.com/pablontiv/rootline/internal/proposal/evolution.go:74.24,75.29 1 0
github.com/pablontiv/rootline/internal/proposal/evolution.go:76.20,77.25 1 1
github.com/pablontiv/rootline/internal/proposal/evolution.go:78.22,79.27 1 0
github.com/pablontiv/rootline/internal/proposal/evolution.go:80.19,81.24 1 1
github.com/pablontiv/rootline/internal/proposal/evolution.go:82.26,83.31 1 1
github.com/pablontiv/rootline/internal/proposal/evolution.go:84.23,85.28 1 0
github.com/pablontiv/rootline/internal/proposal/evolution.go:89.2,94.3 1 1
github.com/pablontiv/rootline/internal/proposal/infer.go:15.34,16.58 1 1
github.com/pablontiv/rootline/internal/proposal/infer.go:16.58,18.3 1 1
github.com/pablontiv/rootline/internal/proposal/infer.go:19.2,19.12 1 1
github.com/pablontiv/rootline/internal/proposal/parse.go:14.86,16.14 2 1
github.com/pablontiv/rootline/internal/proposal/parse.go:16.14,18.3 1 1
github.com/pablontiv/rootline/internal/proposal/parse.go:20.2,23.26 3 1
github.com/pablontiv/rootline/internal/proposal/parse.go:23.26,25.14 2 1
github.com/pablontiv/rootline/internal/proposal/parse.go:25.14,26.12 1 1
github.com/pablontiv/rootline/internal/proposal/parse.go:28.3,28.30 1 1
github.com/pablontiv/rootline/internal/proposal/parse.go:28.30,30.4 1 1
github.com/pablontiv/rootline/internal/proposal/parse.go:30.9,32.4 1 1
github.com/pablontiv/rootline/internal/proposal/parse.go:34.2,34.29 1 1
github.com/pablontiv/rootline/internal/proposal/propagate.go:19.96,20.55 1 1
github.com/pablontiv/rootline/internal/proposal/propagate.go:20.55,22.3 1 1
github.com/pablontiv/rootline/internal/proposal/propagate.go:25.2,26.30 2 1
github.com/pablontiv/rootline/internal/proposal/propagate.go:26.30,28.3 1 1
github.com/pablontiv/rootline/internal/proposal/propagate.go:30.2,32.30 2 1
github.com/pablontiv/rootline/internal/proposal/propagate.go:32.30,34.48 1 1
github.com/pablontiv/rootline/internal/proposal/propagate.go:34.48,35.12 1 1
github.com/pablontiv/rootline/internal/proposal/propagate.go:38.3,40.51 2 1
github.com/pablontiv/rootline/internal/proposal/propagate.go:40.51,42.11 2 1
github.com/pablontiv/rootline/internal/proposal/propagate.go:42.11,43.13 1 0
github.com/pablontiv/rootline/internal/proposal/propagate.go:47.4,48.19 2 1
github.com/pablontiv/rootline/internal/proposal/propagate.go:48.19,49.13 1 0
github.com/pablontiv/rootline/internal/proposal/propagate.go:53.4,54.18 2 1
github.com/pablontiv/rootline/internal/proposal/propagate.go:54.18,55.13 1 1
github.com/pablontiv/rootline/internal/proposal/propagate.go:58.4,62.31 3 1
github.com/pablontiv/rootline/internal/proposal/propagate.go:62.31,63.13 1 1
github.com/pablontiv/rootline/internal/proposal/propagate.go:67.4,68.52 2 1
github.com/pablontiv/rootline/internal/proposal/propagate.go:68.52,69.13 1 0
github.com/pablontiv/rootline/internal/proposal/propagate.go:72.4,79.6 1 1
github.com/pablontiv/rootline/internal/proposal/propagate.go:83.2,83.18 1 1
github.com/pablontiv/rootline/internal/proposal/propagate.go:88.103,90.30 2 1
github.com/pablontiv/rootline/internal/proposal/propagate.go:90.30,91.28 1 1
github.com/pablontiv/rootline/internal/proposal/propagate.go:91.28,92.12 1 1
github.com/pablontiv/rootline/internal/proposal/propagate.go:94.3,94.40 1 1
github.com/pablontiv/rootline/internal/proposal/propagate.go:94.40,95.12 1 0
github.com/pablontiv/rootline/internal/proposal/propagate.go:97.3,97.42 1 1
github.com/pablontiv/rootline/internal/proposal/propagate.go:97.42,99.4 1 1
github.com/pablontiv/rootline/internal/proposal/propagate.go:101.2,101.15 1 1
github.com/pablontiv/rootline/internal/proposal/propagate.go:107.68,108.24 1 1
github.com/pablontiv/rootline/internal/proposal/propagate.go:108.24,110.41 1 1
github.com/pablontiv/rootline/internal/proposal/propagate.go:110.41,112.4 1 0
github.com/pablontiv/rootline/internal/proposal/propagate.go:114.2,114.13 1 1
github.com/pablontiv/rootline/internal/proposal/proposal.go:100.117,103.22 2 1
github.com/pablontiv/rootline/internal/proposal/proposal.go:103.22,109.38 3 1
github.com/pablontiv/rootline/internal/proposal/proposal.go:109.38,110.20 1 1
github.com/pablontiv/rootline/internal/proposal/proposal.go:110.20,112.5 1 1
github.com/pablontiv/rootline/internal/proposal/proposal.go:116.3,116.55 1 1
github.com/pablontiv/rootline/internal/proposal/proposal.go:116.55,117.30 1 0
github.com/pablontiv/rootline/internal/proposal/proposal.go:117.30,118.13 1 0
github.com/pablontiv/rootline/internal/proposal/proposal.go:120.4,120.36 1 0
github.com/pablontiv/rootline/internal/proposal/proposal.go:124.3,127.38 3 1
github.com/pablontiv/rootline/internal/proposal/proposal.go:127.38,128.33 1 1
github.com/pablontiv/rootline/internal/proposal/proposal.go:128.33,130.5 1 1
github.com/pablontiv/rootline/internal/proposal/proposal.go:132.3,132.57 1 1
github.com/pablontiv/rootline/internal/proposal/proposal.go:132.57,134.33 2 0
github.com/pablontiv/rootline/internal/proposal/proposal.go:134.33,135.42 1 0
github.com/pablontiv/rootline/internal/proposal/proposal.go:135.42,137.11 2 0
github.com/pablontiv/rootline/internal/proposal/proposal.go:140.4,140.13 1 0
github.com/pablontiv/rootline/internal/proposal/proposal.go:140.13,142.5 1 0
github.com/pablontiv/rootline/internal/proposal/proposal.go:146.3,152.42 6 1
github.com/pablontiv/rootline/internal/proposal/proposal.go:152.42,153.33 1 1
github.com/pablontiv/rootline/internal/proposal/proposal.go:153.33,155.5 1 1
github.com/pablontiv/rootline/internal/proposal/proposal.go:157.3,157.36 1 1
github.com/pablontiv/rootline/internal/proposal/proposal.go:157.36,158.33 1 0
github.com/pablontiv/rootline/internal/proposal/proposal.go:158.33,160.5 1 0
github.com/pablontiv/rootline/internal/proposal/proposal.go:164.3,166.38 3 1
github.com/pablontiv/rootline/internal/proposal/proposal.go:166.38,167.33 1 1
github.com/pablontiv/rootline/internal/proposal/proposal.go:167.33,169.5 1 1
github.com/pablontiv/rootline/internal/proposal/proposal.go:172.3,172.53 1 1
github.com/pablontiv/rootline/internal/proposal/proposal.go:172.53,174.33 2 1
github.com/pablontiv/rootline/internal/proposal/proposal.go:174.33,175.41 1 1
github.com/pablontiv/rootline/internal/proposal/proposal.go:175.41,177.11 2 1
github.com/pablontiv/rootline/internal/proposal/proposal.go:180.4,180.13 1 1
github.com/pablontiv/rootline/internal/proposal/proposal.go:180.13,182.5 1 1
github.com/pablontiv/rootline/internal/proposal/proposal.go:186.3,189.81 2 1
github.com/pablontiv/rootline/internal/proposal/proposal.go:192.2,193.30 2 1
github.com/pablontiv/rootline/internal/proposal/proposal.go:193.30,194.17 1 1
github.com/pablontiv/rootline/internal/proposal/proposal.go:195.19,196.24 1 0
github.com/pablontiv/rootline/internal/proposal/proposal.go:197.21,198.26 1 1
github.com/pablontiv/rootline/internal/proposal/proposal.go:199.21,200.26 1 0
github.com/pablontiv/rootline/internal/proposal/proposal.go:201.20,202.25 1 1
github.com/pablontiv/rootline/internal/proposal/proposal.go:203.26,204.31 1 0
github.com/pablontiv/rootline/internal/proposal/proposal.go:205.17,206.22 1 1
github.com/pablontiv/rootline/internal/proposal/proposal.go:207.26,208.31 1 1
github.com/pablontiv/rootline/internal/proposal/proposal.go:209.23,210.28 1 1
github.com/pablontiv/rootline/internal/proposal/proposal.go:211.20,212.25 1 1
github.com/pablontiv/rootline/internal/proposal/proposal.go:213.21,214.26 1 0
github.com/pablontiv/rootline/internal/proposal/proposal.go:215.24,216.29 1 0
github.com/pablontiv/rootline/internal/proposal/proposal.go:217.27,218.32 1 0
github.com/pablontiv/rootline/internal/proposal/proposal.go:219.24,220.29 1 0
github.com/pablontiv/rootline/internal/proposal/proposal.go:221.20,222.25 1 0
github.com/pablontiv/rootline/internal/proposal/proposal.go:223.22,224.27 1 0
github.com/pablontiv/rootline/internal/proposal/proposal.go:225.19,226.24 1 0
github.com/pablontiv/rootline/internal/proposal/proposal.go:227.26,228.31 1 0
github.com/pablontiv/rootline/internal/proposal/proposal.go:229.23,230.28 1 0
github.com/pablontiv/rootline/internal/proposal/proposal.go:234.2,239.3 1 1
github.com/pablontiv/rootline/internal/proposal/proposal.go:244.102,252.35 3 1
github.com/pablontiv/rootline/internal/proposal/proposal.go:252.35,253.30 1 1
github.com/pablontiv/rootline/internal/proposal/proposal.go:253.30,254.24 1 1
github.com/pablontiv/rootline/internal/proposal/proposal.go:254.24,255.13 1 1
github.com/pablontiv/rootline/internal/proposal/proposal.go:257.4,258.11 2 1
github.com/pablontiv/rootline/internal/proposal/proposal.go:258.11,259.13 1 1
github.com/pablontiv/rootline/internal/proposal/proposal.go:263.4,264.17 2 1
github.com/pablontiv/rootline/internal/proposal/proposal.go:264.17,267.5 2 1
github.com/pablontiv/rootline/internal/proposal/proposal.go:271.2,272.32 2 1
github.com/pablontiv/rootline/internal/proposal/proposal.go:272.32,273.21 1 1
github.com/pablontiv/rootline/internal/proposal/proposal.go:273.21,274.12 1 1
github.com/pablontiv/rootline/internal/proposal/proposal.go:277.3,277.38 1 1
github.com/pablontiv/rootline/internal/proposal/proposal.go:277.38,278.12 1 1
github.com/pablontiv/rootline/internal/proposal/proposal.go:280.3,286.5 1 1
github.com/pablontiv/rootline/internal/proposal/proposal.go:288.2,288.18 1 1
github.com/pablontiv/rootline/internal/proposal/proposal.go:293.104,296.35 2 1
github.com/pablontiv/rootline/internal/proposal/proposal.go:296.35,297.30 1 1
github.com/pablontiv/rootline/internal/proposal/proposal.go:297.30,298.24 1 1
github.com/pablontiv/rootline/internal/proposal/proposal.go:298.24,299.13 1 1
github.com/pablontiv/rootline/internal/proposal/proposal.go:301.4,302.34 2 1
github.com/pablontiv/rootline/internal/proposal/proposal.go:302.34,303.13 1 1
github.com/pablontiv/rootline/internal/proposal/proposal.go:305.4,306.17 2 1
github.com/pablontiv/rootline/internal/proposal/proposal.go:306.17,307.13 1 0
github.com/pablontiv/rootline/internal/proposal/proposal.go:309.4,310.44 2 1
github.com/pablontiv/rootline/internal/proposal/proposal.go:310.44,311.13 1 1
github.com/pablontiv/rootline/internal/proposal/proposal.go:315.4,316.22 2 1
github.com/pablontiv/rootline/internal/proposal/proposal.go:316.22,318.5 1 0
github.com/pablontiv/rootline/internal/proposal/proposal.go:319.4,320.30 2 1
github.com/pablontiv/rootline/internal/proposal/proposal.go:320.30,322.5 1 1
github.com/pablontiv/rootline/internal/proposal/proposal.go:323.4,323.28 1 1
github.com/pablontiv/rootline/internal/proposal/proposal.go:323.28,325.5 1 1
github.com/pablontiv/rootline/internal/proposal/proposal.go:327.4,333.22 7 1
github.com/pablontiv/rootline/internal/proposal/proposal.go:333.22,335.29 2 1
github.com/pablontiv/rootline/internal/proposal/proposal.go:335.29,336.15 1 1
github.com/pablontiv/rootline/internal/proposal/proposal.go:336.15,338.7 1 0
github.com/pablontiv/rootline/internal/proposal/proposal.go:339.6,339.23 1 1
github.com/pablontiv/rootline/internal/proposal/proposal.go:341.5,341.24 1 1
github.com/pablontiv/rootline/internal/proposal/proposal.go:343.4,353.6 2 1
github.com/pablontiv/rootline/internal/proposal/proposal.go:356.2,356.18 1 1
github.com/pablontiv/rootline/internal/proposal/proposal.go:360.104,363.35 2 1
github.com/pablontiv/rootline/internal/proposal/proposal.go:363.35,364.30 1 1
github.com/pablontiv/rootline/internal/proposal/proposal.go:364.30,365.24 1 1
github.com/pablontiv/rootline/internal/proposal/proposal.go:365.24,366.13 1 1
github.com/pablontiv/rootline/internal/proposal/proposal.go:368.4,369.34 2 1
github.com/pablontiv/rootline/internal/proposal/proposal.go:369.34,370.13 1 1
github.com/pablontiv/rootline/internal/proposal/proposal.go:372.4,373.17 2 1
github.com/pablontiv/rootline/internal/proposal/proposal.go:373.17,374.13 1 0
github.com/pablontiv/rootline/internal/proposal/proposal.go:376.4,377.39 2 1
github.com/pablontiv/rootline/internal/proposal/proposal.go:377.39,386.5 1 1
github.com/pablontiv/rootline/internal/proposal/proposal.go:389.2,389.18 1 1
github.com/pablontiv/rootline/internal/proposal/proposal.go:394.130,399.30 3 1
github.com/pablontiv/rootline/internal/proposal/proposal.go:399.30,401.3 1 1
github.com/pablontiv/rootline/internal/proposal/proposal.go:403.2,403.35 1 1
github.com/pablontiv/rootline/internal/proposal/proposal.go:403.35,405.28 2 1
github.com/pablontiv/rootline/internal/proposal/proposal.go:405.28,406.12 1 1
github.com/pablontiv/rootline/internal/proposal/proposal.go:409.3,410.27 2 1
github.com/pablontiv/rootline/internal/proposal/proposal.go:410.27,411.12 1 1
github.com/pablontiv/rootline/internal/proposal/proposal.go:414.3,414.30 1 1
github.com/pablontiv/rootline/internal/proposal/proposal.go:414.30,415.28 1 1
github.com/pablontiv/rootline/internal/proposal/proposal.go:415.28,416.13 1 1
github.com/pablontiv/rootline/internal/proposal/proposal.go:418.4,419.14 2 1
github.com/pablontiv/rootline/internal/proposal/proposal.go:419.14,420.13 1 1
github.com/pablontiv/rootline/internal/proposal/proposal.go:424.4,428.32 3 1
github.com/pablontiv/rootline/internal/proposal/proposal.go:428.32,430.33 2 1
github.com/pablontiv/rootline/internal/proposal/proposal.go:430.33,431.21 1 1
github.com/pablontiv/rootline/internal/proposal/proposal.go:431.21,433.12 2 1
github.com/pablontiv/rootline/internal/proposal/proposal.go:436.5,436.15 1 1
github.com/pablontiv/rootline/internal/proposal/proposal.go:436.15,439.6 1 1
github.com/pablontiv/rootline/internal/proposal/proposal.go:442.4,449.6 1 1
github.com/pablontiv/rootline/internal/proposal/proposal.go:452.2,452.18 1 1
github.com/pablontiv/rootline/internal/proposal/proposal.go:459.136,462.2 1 1
github.com/pablontiv/rootline/internal/proposal/proposal.go:465.100,468.35 2 1
github.com/pablontiv/rootline/internal/proposal/proposal.go:468.35,469.30 1 1
github.com/pablontiv/rootline/internal/proposal/proposal.go:469.30,470.28 1 1
github.com/pablontiv/rootline/internal/proposal/proposal.go:470.28,471.13 1 1
github.com/pablontiv/rootline/internal/proposal/proposal.go:473.4,474.11 2 1
github.com/pablontiv/rootline/internal/proposal/proposal.go:474.11,475.13 1 0
github.com/pablontiv/rootline/internal/proposal/proposal.go:477.4,478.46 2 1
github.com/pablontiv/rootline/internal/proposal/proposal.go:478.46,480.5 1 1
github.com/pablontiv/rootline/internal/proposal/proposal.go:481.4,487.6 1 1
github.com/pablontiv/rootline/internal/proposal/proposal.go:490.2,490.18 1 1
github.com/pablontiv/rootline/internal/proposal/proposal.go:497.54,500.36 2 1
github.com/pablontiv/rootline/internal/proposal/proposal.go:500.36,503.14 3 1
github.com/pablontiv/rootline/internal/proposal/proposal.go:503.14,505.4 1 1
github.com/pablontiv/rootline/internal/proposal/proposal.go:509.2,510.16 2 1
github.com/pablontiv/rootline/internal/proposal/proposal.go:510.16,512.15 2 1
github.com/pablontiv/rootline/internal/proposal/proposal.go:512.15,514.4 1 1
github.com/pablontiv/rootline/internal/proposal/proposal.go:516.2,516.11 1 1
github.com/pablontiv/rootline/internal/proposal/proposal.go:525.130,526.51 1 1
github.com/pablontiv/rootline/internal/proposal/proposal.go:526.51,528.3 1 1
github.com/pablontiv/rootline/internal/proposal/proposal.go:531.2,532.30 2 1
github.com/pablontiv/rootline/internal/proposal/proposal.go:532.30,534.3 1 1
github.com/pablontiv/rootline/internal/proposal/proposal.go:536.2,538.35 2 1
github.com/pablontiv/rootline/internal/proposal/proposal.go:538.35,540.17 2 1
github.com/pablontiv/rootline/internal/proposal/proposal.go:540.17,541.12 1 1
github.com/pablontiv/rootline/internal/proposal/proposal.go:544.3,544.30 1 1
github.com/pablontiv/rootline/internal/proposal/proposal.go:544.30,545.31 1 1
github.com/pablontiv/rootline/internal/proposal/proposal.go:545.31,546.13 1 1
github.com/pablontiv/rootline/internal/proposal/proposal.go:549.4,550.20 2 1
github.com/pablontiv/rootline/internal/proposal/proposal.go:550.20,551.13 1 1
github.com/pablontiv/rootline/internal/proposal/proposal.go:555.4,556.35 2 1
github.com/pablontiv/rootline/internal/proposal/proposal.go:556.35,557.30 1 1
github.com/pablontiv/rootline/internal/proposal/proposal.go:557.30,559.11 2 1
github.com/pablontiv/rootline/internal/proposal/proposal.go:562.4,562.22 1 1
github.com/pablontiv/rootline/internal/proposal/proposal.go:562.22,563.13 1 1
github.com/pablontiv/rootline/internal/proposal/proposal.go:568.4,568.74 1 1
github.com/pablontiv/rootline/internal/proposal/proposal.go:568.74,577.13 2 1
github.com/pablontiv/rootline/internal/proposal/proposal.go:581.4,581.91 1 1
github.com/pablontiv/rootline/internal/proposal/proposal.go:581.91,590.13 2 1
github.com/pablontiv/rootline/internal/proposal/proposal.go:594.2,594.18 1 1
github.com/pablontiv/rootline/internal/proposal/proposal.go:599.71,602.15 2 1
github.com/pablontiv/rootline/internal/proposal/proposal.go:602.15,604.3 1 1
github.com/pablontiv/rootline/internal/proposal/proposal.go:605.2,606.13 2 1
github.com/pablontiv/rootline/internal/proposal/proposal.go:606.13,608.3 1 1
github.com/pablontiv/rootline/internal/proposal/proposal.go:609.2,614.16 4 1
github.com/pablontiv/rootline/internal/proposal/proposal.go:614.16,616.3 1 1
github.com/pablontiv/rootline/internal/proposal/proposal.go:617.2,618.14 2 1
github.com/pablontiv/rootline/internal/proposal/proposal.go:618.14,620.3 1 0
github.com/pablontiv/rootline/internal/proposal/proposal.go:621.2,622.24 2 1
github.com/pablontiv/rootline/internal/proposal/proposal.go:626.83,627.41 1 1
github.com/pablontiv/rootline/internal/proposal/proposal.go:627.41,628.29 1 1
github.com/pablontiv/rootline/internal/proposal/proposal.go:628.29,629.12 1 1
github.com/pablontiv/rootline/internal/proposal/proposal.go:631.3,632.36 2 1
github.com/pablontiv/rootline/internal/proposal/proposal.go:632.36,635.4 1 1
github.com/pablontiv/rootline/internal/proposal/proposal.go:637.3,638.28 2 1
github.com/pablontiv/rootline/internal/proposal/proposal.go:638.28,640.4 1 1
github.com/pablontiv/rootline/internal/proposal/proposal.go:642.2,642.11 1 1
github.com/pablontiv/rootline/internal/proposal/proposal.go:647.112,648.22 1 1
github.com/pablontiv/rootline/internal/proposal/proposal.go:648.22,650.3 1 1
github.com/pablontiv/rootline/internal/proposal/proposal.go:652.2,653.25 2 1
github.com/pablontiv/rootline/internal/proposal/proposal.go:653.25,655.3 1 1
github.com/pablontiv/rootline/internal/proposal/proposal.go:658.2,659.51 2 0
github.com/pablontiv/rootline/internal/proposal/proposal.go:659.51,660.47 1 0
github.com/pablontiv/rootline/internal/proposal/proposal.go:660.47,661.12 1 0
github.com/pablontiv/rootline/internal/proposal/proposal.go:664.3,664.33 1 0
github.com/pablontiv/rootline/internal/proposal/proposal.go:664.33,665.59 1 0
github.com/pablontiv/rootline/internal/proposal/proposal.go:665.59,666.13 1 0
github.com/pablontiv/rootline/internal/proposal/proposal.go:669.3,670.17 2 0
github.com/pablontiv/rootline/internal/proposal/proposal.go:670.17,671.12 1 0
github.com/pablontiv/rootline/internal/proposal/proposal.go:675.3,683.5 2 0
github.com/pablontiv/rootline/internal/proposal/proposal.go:685.2,685.18 1 0
github.com/pablontiv/rootline/internal/proposal/proposal.go:690.83,695.30 4 1
github.com/pablontiv/rootline/internal/proposal/proposal.go:695.30,696.36 1 1
github.com/pablontiv/rootline/internal/proposal/proposal.go:696.36,697.12 1 1
github.com/pablontiv/rootline/internal/proposal/proposal.go:699.3,700.38 2 1
github.com/pablontiv/rootline/internal/proposal/proposal.go:700.38,702.4 1 1
github.com/pablontiv/rootline/internal/proposal/proposal.go:705.2,705.23 1 1
github.com/pablontiv/rootline/internal/proposal/proposal.go:705.23,707.3 1 1
github.com/pablontiv/rootline/internal/proposal/proposal.go:708.2,708.11 1 1
github.com/pablontiv/rootline/internal/proposal/sibling_infer.go:22.56,23.22 1 1
github.com/pablontiv/rootline/internal/proposal/sibling_infer.go:23.22,25.3 1 1
github.com/pablontiv/rootline/internal/proposal/sibling_infer.go:27.2,28.27 2 1
github.com/pablontiv/rootline/internal/proposal/sibling_infer.go:28.27,30.3 1 1
github.com/pablontiv/rootline/internal/proposal/sibling_infer.go:32.2,36.27 4 1
github.com/pablontiv/rootline/internal/proposal/sibling_infer.go:36.27,37.20 1 1
github.com/pablontiv/rootline/internal/proposal/sibling_infer.go:37.20,41.4 3 1
github.com/pablontiv/rootline/internal/proposal/sibling_infer.go:41.9,41.28 1 1
github.com/pablontiv/rootline/internal/proposal/sibling_infer.go:41.28,43.4 1 1
github.com/pablontiv/rootline/internal/proposal/sibling_infer.go:46.2,46.10 1 1
github.com/pablontiv/rootline/internal/proposal/sibling_infer.go:46.10,48.3 1 1
github.com/pablontiv/rootline/internal/proposal/sibling_infer.go:49.2,49.37 1 1
github.com/pablontiv/rootline/internal/proposal/sibling_infer.go:54.136,55.22 1 1
github.com/pablontiv/rootline/internal/proposal/sibling_infer.go:55.22,57.3 1 0
github.com/pablontiv/rootline/internal/proposal/sibling_infer.go:60.2,61.30 2 1
github.com/pablontiv/rootline/internal/proposal/sibling_infer.go:61.30,62.47 1 1
github.com/pablontiv/rootline/internal/proposal/sibling_infer.go:62.47,63.12 1 1
github.com/pablontiv/rootline/internal/proposal/sibling_infer.go:65.3,66.49 2 1
github.com/pablontiv/rootline/internal/proposal/sibling_infer.go:70.2,71.35 2 1
github.com/pablontiv/rootline/internal/proposal/sibling_infer.go:71.35,72.30 1 1
github.com/pablontiv/rootline/internal/proposal/sibling_infer.go:72.30,73.28 1 1
github.com/pablontiv/rootline/internal/proposal/sibling_infer.go:73.28,74.34 1 1
github.com/pablontiv/rootline/internal/proposal/sibling_infer.go:74.34,76.6 1 1
github.com/pablontiv/rootline/internal/proposal/sibling_infer.go:77.5,77.39 1 1
github.com/pablontiv/rootline/internal/proposal/sibling_infer.go:82.2,84.38 2 1
github.com/pablontiv/rootline/internal/proposal/sibling_infer.go:84.38,86.47 1 1
github.com/pablontiv/rootline/internal/proposal/sibling_infer.go:86.47,87.48 1 1
github.com/pablontiv/rootline/internal/proposal/sibling_infer.go:87.48,88.13 1 1
github.com/pablontiv/rootline/internal/proposal/sibling_infer.go:91.4,92.33 2 1
github.com/pablontiv/rootline/internal/proposal/sibling_infer.go:92.33,93.48 1 1
github.com/pablontiv/rootline/internal/proposal/sibling_infer.go:93.48,94.44 1 1
github.com/pablontiv/rootline/internal/proposal/sibling_infer.go:94.44,96.7 1 1
github.com/pablontiv/rootline/internal/proposal/sibling_infer.go:100.4,101.36 2 1
github.com/pablontiv/rootline/internal/proposal/sibling_infer.go:101.36,102.13 1 1
github.com/pablontiv/rootline/internal/proposal/sibling_infer.go:105.4,106.68 2 1
github.com/pablontiv/rootline/internal/proposal/sibling_infer.go:106.68,107.13 1 0
github.com/pablontiv/rootline/internal/proposal/sibling_infer.go:111.4,111.33 1 1
github.com/pablontiv/rootline/internal/proposal/sibling_infer.go:111.33,112.75 1 1
github.com/pablontiv/rootline/internal/proposal/sibling_infer.go:112.75,120.6 1 1
github.com/pablontiv/rootline/internal/proposal/sibling_infer.go:125.2,125.18 1 1
github.com/pablontiv/rootline/internal/proposal/sibling_infer.go:130.131,131.22 1 1
github.com/pablontiv/rootline/internal/proposal/sibling_infer.go:131.22,133.3 1 0
github.com/pablontiv/rootline/internal/proposal/sibling_infer.go:136.2,137.30 2 1
github.com/pablontiv/rootline/internal/proposal/sibling_infer.go:137.30,138.47 1 1
github.com/pablontiv/rootline/internal/proposal/sibling_infer.go:138.47,139.12 1 0
github.com/pablontiv/rootline/internal/proposal/sibling_infer.go:141.3,142.49 2 1
github.com/pablontiv/rootline/internal/proposal/sibling_infer.go:146.2,147.35 2 1
github.com/pablontiv/rootline/internal/proposal/sibling_infer.go:147.35,148.30 1 1
github.com/pablontiv/rootline/internal/proposal/sibling_infer.go:148.30,150.4 1 1
github.com/pablontiv/rootline/internal/proposal/sibling_infer.go:153.2,155.38 2 1
github.com/pablontiv/rootline/internal/proposal/sibling_infer.go:155.38,156.47 1 1
github.com/pablontiv/rootline/internal/proposal/sibling_infer.go:156.47,157.48 1 1
github.com/pablontiv/rootline/internal/proposal/sibling_infer.go:157.48,158.13 1 1
github.com/pablontiv/rootline/internal/proposal/sibling_infer.go:162.4,169.33 4 1
github.com/pablontiv/rootline/internal/proposal/sibling_infer.go:169.33,171.12 2 1
github.com/pablontiv/rootline/internal/proposal/sibling_infer.go:171.12,172.14 1 1
github.com/pablontiv/rootline/internal/proposal/sibling_infer.go:174.5,175.23 2 1
github.com/pablontiv/rootline/internal/proposal/sibling_infer.go:175.23,176.14 1 0
github.com/pablontiv/rootline/internal/proposal/sibling_infer.go:179.5,179.44 1 1
github.com/pablontiv/rootline/internal/proposal/sibling_infer.go:179.44,180.14 1 1
github.com/pablontiv/rootline/internal/proposal/sibling_infer.go:183.5,184.66 2 1
github.com/pablontiv/rootline/internal/proposal/sibling_infer.go:187.4,188.36 2 1
github.com/pablontiv/rootline/internal/proposal/sibling_infer.go:188.36,189.13 1 1
github.com/pablontiv/rootline/internal/proposal/sibling_infer.go:192.4,193.65 2 1
github.com/pablontiv/rootline/internal/proposal/sibling_infer.go:193.65,194.13 1 1
github.com/pablontiv/rootline/internal/proposal/sibling_infer.go:198.4,198.33 1 1
github.com/pablontiv/rootline/internal/proposal/sibling_infer.go:198.33,199.28 1 1
github.com/pablontiv/rootline/internal/proposal/sibling_infer.go:199.28,208.6 1 1
github.com/pablontiv/rootline/internal/proposal/sibling_infer.go:213.2,213.18 1 1
github.com/pablontiv/rootline/internal/proposal/stem_health.go:15.71,18.27 2 1
github.com/pablontiv/rootline/internal/proposal/stem_health.go:18.27,19.25 1 1
github.com/pablontiv/rootline/internal/proposal/stem_health.go:19.25,20.12 1 1
github.com/pablontiv/rootline/internal/proposal/stem_health.go:22.3,22.36 1 1
github.com/pablontiv/rootline/internal/proposal/stem_health.go:22.36,23.12 1 1
github.com/pablontiv/rootline/internal/proposal/stem_health.go:26.3,26.17 1 1
github.com/pablontiv/rootline/internal/proposal/stem_health.go:27.25,29.26 1 1
github.com/pablontiv/rootline/internal/proposal/stem_health.go:29.26,30.13 1 1
github.com/pablontiv/rootline/internal/proposal/stem_health.go:32.4,37.6 1 1
github.com/pablontiv/rootline/internal/proposal/stem_health.go:39.27,46.6 1 1
github.com/pablontiv/rootline/internal/proposal/stem_health.go:50.2,50.40 1 1
github.com/pablontiv/rootline/internal/proposal/stem_health.go:55.52,57.2 1 1
github.com/pablontiv/rootline/internal/proposal/stem_health.go:62.60,70.30 4 1
github.com/pablontiv/rootline/internal/proposal/stem_health.go:70.30,71.32 1 1
github.com/pablontiv/rootline/internal/proposal/stem_health.go:71.32,73.15 2 1
github.com/pablontiv/rootline/internal/proposal/stem_health.go:73.15,74.13 1 1
github.com/pablontiv/rootline/internal/proposal/stem_health.go:76.4,77.30 2 1
github.com/pablontiv/rootline/internal/proposal/stem_health.go:80.2,80.15 1 1
github.com/pablontiv/rootline/internal/proposal/surface.go:30.46,31.16 1 1
github.com/pablontiv/rootline/internal/proposal/surface.go:33.49,34.23 1 1
github.com/pablontiv/rootline/internal/proposal/surface.go:37.110,38.23 1 1
github.com/pablontiv/rootline/internal/proposal/surface.go:41.112,42.26 1 1
github.com/pablontiv/rootline/internal/proposal/surface.go:45.26,46.23 1 1
github.com/pablontiv/rootline/internal/proposal/surface.go:49.28,50.23 1 1
github.com/pablontiv/rootline/internal/proposal/surface.go:52.10,54.27 1 1
github.com/pablontiv/rootline/internal/proposal/surface.go:59.42,61.2 1 1
github.com/pablontiv/rootline/internal/index/index.go:36.72,37.29 1 1
github.com/pablontiv/rootline/internal/index/index.go:37.29,37.53 1 1
github.com/pablontiv/rootline/internal/index/index.go:44.124,46.27 2 1
github.com/pablontiv/rootline/internal/index/index.go:46.27,48.3 1 1
github.com/pablontiv/rootline/internal/index/index.go:50.2,51.16 2 1
github.com/pablontiv/rootline/internal/index/index.go:51.16,53.3 1 0
github.com/pablontiv/rootline/internal/index/index.go:56.2,61.30 4 1
github.com/pablontiv/rootline/internal/index/index.go:61.30,63.3 1 1
github.com/pablontiv/rootline/internal/index/index.go:65.2,65.84 1 1
[...]
github.com/pablontiv/rootline/cmd/rootline/set.go:176.26,177.17 1 1
github.com/pablontiv/rootline/cmd/rootline/set.go:177.17,178.13 1 0
github.com/pablontiv/rootline/cmd/rootline/set.go:180.4,181.11 2 1
github.com/pablontiv/rootline/cmd/rootline/set.go:181.11,182.13 1 0
github.com/pablontiv/rootline/cmd/rootline/set.go:184.4,184.28 1 1
github.com/pablontiv/rootline/cmd/rootline/set.go:184.28,185.13 1 0
github.com/pablontiv/rootline/cmd/rootline/set.go:187.4,187.65 1 1
github.com/pablontiv/rootline/cmd/rootline/set.go:187.65,189.33 2 1
github.com/pablontiv/rootline/cmd/rootline/set.go:189.33,190.23 1 1
github.com/pablontiv/rootline/cmd/rootline/set.go:190.23,192.12 2 1
github.com/pablontiv/rootline/cmd/rootline/set.go:195.5,195.15 1 1
github.com/pablontiv/rootline/cmd/rootline/set.go:195.15,198.6 1 1
github.com/pablontiv/rootline/cmd/rootline/set.go:204.2,204.15 1 1
github.com/pablontiv/rootline/cmd/rootline/set.go:204.15,205.31 1 1
github.com/pablontiv/rootline/cmd/rootline/set.go:205.31,206.18 1 1
github.com/pablontiv/rootline/cmd/rootline/set.go:207.27,208.83 1 1
github.com/pablontiv/rootline/cmd/rootline/set.go:209.29,211.19 2 0
github.com/pablontiv/rootline/cmd/rootline/set.go:211.19,213.6 1 0
github.com/pablontiv/rootline/cmd/rootline/set.go:214.5,214.98 1 0
github.com/pablontiv/rootline/cmd/rootline/set.go:217.3,217.13 1 1
github.com/pablontiv/rootline/cmd/rootline/set.go:221.2,232.76 5 1
github.com/pablontiv/rootline/cmd/rootline/set.go:232.76,234.3 1 0
github.com/pablontiv/rootline/cmd/rootline/set.go:237.2,237.20 1 1
github.com/pablontiv/rootline/cmd/rootline/set.go:237.20,238.111 1 1
github.com/pablontiv/rootline/cmd/rootline/set.go:238.111,240.4 1 0
github.com/pablontiv/rootline/cmd/rootline/set.go:244.2,244.37 1 1
github.com/pablontiv/rootline/cmd/rootline/set.go:244.37,245.17 1 1
github.com/pablontiv/rootline/cmd/rootline/set.go:246.26,247.76 1 1
github.com/pablontiv/rootline/cmd/rootline/set.go:248.28,250.18 2 0
github.com/pablontiv/rootline/cmd/rootline/set.go:250.18,252.5 1 0
github.com/pablontiv/rootline/cmd/rootline/set.go:253.4,253.77 1 0
github.com/pablontiv/rootline/cmd/rootline/set.go:257.2,257.12 1 1
github.com/pablontiv/rootline/cmd/rootline/set.go:261.102,262.15 1 1
github.com/pablontiv/rootline/cmd/rootline/set.go:262.15,264.3 1 1
github.com/pablontiv/rootline/cmd/rootline/set.go:267.2,273.8 1 1
github.com/pablontiv/rootline/cmd/rootline/set.go:278.128,280.16 2 1
github.com/pablontiv/rootline/cmd/rootline/set.go:280.16,282.3 1 0
github.com/pablontiv/rootline/cmd/rootline/set.go:284.2,287.16 4 1
github.com/pablontiv/rootline/cmd/rootline/set.go:287.16,291.3 2 0
github.com/pablontiv/rootline/cmd/rootline/set.go:294.2,295.16 2 1
github.com/pablontiv/rootline/cmd/rootline/set.go:295.16,297.3 1 0
github.com/pablontiv/rootline/cmd/rootline/set.go:299.2,300.19 2 1
github.com/pablontiv/rootline/cmd/rootline/set.go:300.19,304.26 3 0
github.com/pablontiv/rootline/cmd/rootline/set.go:304.26,306.4 1 0
github.com/pablontiv/rootline/cmd/rootline/set.go:307.3,307.99 1 0
github.com/pablontiv/rootline/cmd/rootline/set.go:309.2,309.12 1 1
github.com/pablontiv/rootline/cmd/rootline/stats.go:26.13,30.2 3 1
github.com/pablontiv/rootline/cmd/rootline/stats.go:41.56,45.19 3 1
github.com/pablontiv/rootline/cmd/rootline/stats.go:45.19,47.3 1 1
github.com/pablontiv/rootline/cmd/rootline/stats.go:49.2,50.16 2 1
github.com/pablontiv/rootline/cmd/rootline/stats.go:50.16,52.3 1 0
github.com/pablontiv/rootline/cmd/rootline/stats.go:54.2,56.16 3 1
github.com/pablontiv/rootline/cmd/rootline/stats.go:56.16,58.3 1 0
github.com/pablontiv/rootline/cmd/rootline/stats.go:60.2,66.16 5 1
github.com/pablontiv/rootline/cmd/rootline/stats.go:66.16,68.3 1 1
github.com/pablontiv/rootline/cmd/rootline/stats.go:71.2,85.29 4 1
github.com/pablontiv/rootline/cmd/rootline/stats.go:85.29,87.3 1 1
github.com/pablontiv/rootline/cmd/rootline/stats.go:89.2,89.39 1 1
github.com/pablontiv/rootline/cmd/rootline/stats.go:92.65,95.2 2 1
github.com/pablontiv/rootline/cmd/rootline/table.go:11.66,17.27 4 1
github.com/pablontiv/rootline/cmd/rootline/table.go:17.27,19.3 1 1
github.com/pablontiv/rootline/cmd/rootline/table.go:21.2,21.16 1 1
github.com/pablontiv/rootline/cmd/rootline/tree.go:26.13,29.2 2 1
github.com/pablontiv/rootline/cmd/rootline/tree.go:57.55,61.19 3 1
github.com/pablontiv/rootline/cmd/rootline/tree.go:61.19,63.3 1 1
github.com/pablontiv/rootline/cmd/rootline/tree.go:65.2,66.16 2 1
github.com/pablontiv/rootline/cmd/rootline/tree.go:66.16,68.3 1 0
github.com/pablontiv/rootline/cmd/rootline/tree.go:70.2,71.47 2 1
github.com/pablontiv/rootline/cmd/rootline/tree.go:71.47,73.38 2 1
github.com/pablontiv/rootline/cmd/rootline/tree.go:73.38,75.4 1 1
github.com/pablontiv/rootline/cmd/rootline/tree.go:76.3,76.39 1 1
github.com/pablontiv/rootline/cmd/rootline/tree.go:78.2,79.16 2 1
github.com/pablontiv/rootline/cmd/rootline/tree.go:79.16,81.3 1 0
github.com/pablontiv/rootline/cmd/rootline/tree.go:83.2,89.16 5 1
github.com/pablontiv/rootline/cmd/rootline/tree.go:89.16,91.3 1 1
github.com/pablontiv/rootline/cmd/rootline/tree.go:93.2,95.28 2 1
github.com/pablontiv/rootline/cmd/rootline/tree.go:95.28,98.3 2 1
github.com/pablontiv/rootline/cmd/rootline/tree.go:101.2,105.29 3 1
github.com/pablontiv/rootline/cmd/rootline/tree.go:105.29,107.3 1 1
github.com/pablontiv/rootline/cmd/rootline/tree.go:108.2,108.12 1 1
github.com/pablontiv/rootline/cmd/rootline/tree.go:111.70,114.30 2 1
github.com/pablontiv/rootline/cmd/rootline/tree.go:114.30,119.37 3 1
github.com/pablontiv/rootline/cmd/rootline/tree.go:119.37,121.20 2 1
github.com/pablontiv/rootline/cmd/rootline/tree.go:121.20,124.5 2 1
github.com/pablontiv/rootline/cmd/rootline/tree.go:125.4,125.16 1 1
github.com/pablontiv/rootline/cmd/rootline/tree.go:129.3,132.37 2 1
github.com/pablontiv/rootline/cmd/rootline/tree.go:132.37,134.4 1 1
github.com/pablontiv/rootline/cmd/rootline/tree.go:137.3,137.33 1 1
github.com/pablontiv/rootline/cmd/rootline/tree.go:137.33,139.4 1 1
github.com/pablontiv/rootline/cmd/rootline/tree.go:141.3,148.46 2 1
github.com/pablontiv/rootline/cmd/rootline/tree.go:152.2,153.13 2 1
github.com/pablontiv/rootline/cmd/rootline/tree.go:156.55,157.34 1 1
github.com/pablontiv/rootline/cmd/rootline/tree.go:157.34,158.34 1 1
github.com/pablontiv/rootline/cmd/rootline/tree.go:158.34,160.4 1 1
github.com/pablontiv/rootline/cmd/rootline/tree.go:162.2,162.12 1 1
github.com/pablontiv/rootline/cmd/rootline/tree.go:165.38,166.17 1 1
github.com/pablontiv/rootline/cmd/rootline/tree.go:166.17,168.3 1 1
github.com/pablontiv/rootline/cmd/rootline/tree.go:170.2,170.48 1 1
github.com/pablontiv/rootline/cmd/rootline/tree.go:170.48,172.3 1 1
github.com/pablontiv/rootline/cmd/rootline/tree.go:174.2,175.38 2 1
github.com/pablontiv/rootline/cmd/rootline/tree.go:175.38,178.3 2 1
github.com/pablontiv/rootline/cmd/rootline/tree.go:181.82,185.18 2 1
github.com/pablontiv/rootline/cmd/rootline/tree.go:185.18,187.39 2 1
github.com/pablontiv/rootline/cmd/rootline/tree.go:187.39,190.4 2 1
github.com/pablontiv/rootline/cmd/rootline/tree.go:191.3,191.15 1 1
github.com/pablontiv/rootline/cmd/rootline/tree.go:193.2,193.14 1 1
github.com/pablontiv/rootline/cmd/rootline/tree.go:196.95,201.12 4 1
github.com/pablontiv/rootline/cmd/rootline/tree.go:201.12,204.3 2 1
github.com/pablontiv/rootline/cmd/rootline/tree.go:206.2,206.17 1 1
github.com/pablontiv/rootline/cmd/rootline/tree.go:206.17,209.3 2 1
github.com/pablontiv/rootline/cmd/rootline/tree.go:209.8,211.39 2 1
github.com/pablontiv/rootline/cmd/rootline/tree.go:211.39,214.4 2 1
github.com/pablontiv/rootline/cmd/rootline/tree.go:217.2,217.14 1 1
github.com/pablontiv/rootline/cmd/rootline/tree.go:223.57,230.36 3 1
github.com/pablontiv/rootline/cmd/rootline/tree.go:230.36,232.46 2 1
github.com/pablontiv/rootline/cmd/rootline/tree.go:232.46,237.43 2 1
github.com/pablontiv/rootline/cmd/rootline/tree.go:237.43,238.30 1 1
github.com/pablontiv/rootline/cmd/rootline/tree.go:238.30,240.11 2 1
github.com/pablontiv/rootline/cmd/rootline/tree.go:246.2,246.12 1 1
github.com/pablontiv/rootline/cmd/rootline/tree.go:255.68,256.32 1 1
github.com/pablontiv/rootline/cmd/rootline/tree.go:256.32,258.3 1 1
github.com/pablontiv/rootline/cmd/rootline/tree.go:261.2,261.44 1 1
github.com/pablontiv/rootline/cmd/rootline/tree.go:261.44,262.58 1 1
github.com/pablontiv/rootline/cmd/rootline/tree.go:262.58,264.4 1 1
github.com/pablontiv/rootline/cmd/rootline/tree.go:268.2,268.46 1 1
github.com/pablontiv/rootline/cmd/rootline/tree.go:268.46,269.48 1 1
github.com/pablontiv/rootline/cmd/rootline/tree.go:269.48,270.29 1 0
github.com/pablontiv/rootline/cmd/rootline/tree.go:270.29,271.46 1 0
github.com/pablontiv/rootline/cmd/rootline/tree.go:271.46,273.6 1 0
github.com/pablontiv/rootline/cmd/rootline/tree.go:279.2,279.16 1 1
github.com/pablontiv/rootline/cmd/rootline/tree.go:279.16,281.3 1 1
github.com/pablontiv/rootline/cmd/rootline/tree.go:284.2,284.39 1 1
github.com/pablontiv/rootline/cmd/rootline/tree.go:284.39,285.53 1 1
github.com/pablontiv/rootline/cmd/rootline/tree.go:285.53,287.4 1 1
github.com/pablontiv/rootline/cmd/rootline/tree.go:291.2,291.14 1 0
github.com/pablontiv/rootline/cmd/rootline/validate.go:37.13,43.2 5 1
github.com/pablontiv/rootline/cmd/rootline/validate.go:45.59,46.20 1 1
github.com/pablontiv/rootline/cmd/rootline/validate.go:46.20,48.3 1 1
github.com/pablontiv/rootline/cmd/rootline/validate.go:49.2,49.17 1 1
github.com/pablontiv/rootline/cmd/rootline/validate.go:49.17,51.3 1 1
github.com/pablontiv/rootline/cmd/rootline/validate.go:52.2,52.20 1 1
github.com/pablontiv/rootline/cmd/rootline/validate.go:52.20,54.3 1 1
github.com/pablontiv/rootline/cmd/rootline/validate.go:55.2,55.36 1 1
github.com/pablontiv/rootline/cmd/rootline/validate.go:58.65,64.29 4 1
github.com/pablontiv/rootline/cmd/rootline/validate.go:64.29,66.17 2 1
github.com/pablontiv/rootline/cmd/rootline/validate.go:66.17,68.4 1 0
github.com/pablontiv/rootline/cmd/rootline/validate.go:71.3,71.45 1 1
github.com/pablontiv/rootline/cmd/rootline/validate.go:71.45,73.4 1 1
github.com/pablontiv/rootline/cmd/rootline/validate.go:76.3,77.17 2 1
github.com/pablontiv/rootline/cmd/rootline/validate.go:77.17,79.4 1 1
github.com/pablontiv/rootline/cmd/rootline/validate.go:82.3,83.17 2 1
github.com/pablontiv/rootline/cmd/rootline/validate.go:83.17,85.4 1 0
github.com/pablontiv/rootline/cmd/rootline/validate.go:87.3,88.17 2 1
github.com/pablontiv/rootline/cmd/rootline/validate.go:88.17,90.4 1 0
github.com/pablontiv/rootline/cmd/rootline/validate.go:93.3,95.17 3 1
github.com/pablontiv/rootline/cmd/rootline/validate.go:95.17,97.4 1 0
github.com/pablontiv/rootline/cmd/rootline/validate.go:100.3,107.67 5 1
github.com/pablontiv/rootline/cmd/rootline/validate.go:111.2,111.23 1 1
github.com/pablontiv/rootline/cmd/rootline/validate.go:111.23,113.30 2 1
github.com/pablontiv/rootline/cmd/rootline/validate.go:113.30,115.4 1 1
github.com/pablontiv/rootline/cmd/rootline/validate.go:116.3,116.45 1 1
github.com/pablontiv/rootline/cmd/rootline/validate.go:118.2,119.29 2 1
github.com/pablontiv/rootline/cmd/rootline/validate.go:119.29,121.3 1 0
github.com/pablontiv/rootline/cmd/rootline/validate.go:122.2,122.58 1 1
github.com/pablontiv/rootline/cmd/rootline/validate.go:125.62,129.19 3 1
github.com/pablontiv/rootline/cmd/rootline/validate.go:129.19,131.3 1 1
github.com/pablontiv/rootline/cmd/rootline/validate.go:132.2,133.16 2 1
github.com/pablontiv/rootline/cmd/rootline/validate.go:133.16,135.3 1 0
github.com/pablontiv/rootline/cmd/rootline/validate.go:138.2,140.20 3 1
github.com/pablontiv/rootline/cmd/rootline/validate.go:140.20,142.3 1 1
github.com/pablontiv/rootline/cmd/rootline/validate.go:145.2,146.47 2 1
github.com/pablontiv/rootline/cmd/rootline/validate.go:146.47,148.38 2 1
github.com/pablontiv/rootline/cmd/rootline/validate.go:148.38,150.4 1 0
github.com/pablontiv/rootline/cmd/rootline/validate.go:151.3,151.39 1 1
github.com/pablontiv/rootline/cmd/rootline/validate.go:154.2,155.16 2 1
github.com/pablontiv/rootline/cmd/rootline/validate.go:155.16,157.3 1 0
github.com/pablontiv/rootline/cmd/rootline/validate.go:159.2,165.16 5 1
github.com/pablontiv/rootline/cmd/rootline/validate.go:165.16,167.3 1 1
github.com/pablontiv/rootline/cmd/rootline/validate.go:169.2,171.30 2 1
github.com/pablontiv/rootline/cmd/rootline/validate.go:171.30,175.24 4 1
github.com/pablontiv/rootline/cmd/rootline/validate.go:175.24,176.12 1 0
github.com/pablontiv/rootline/cmd/rootline/validate.go:178.3,183.24 3 1
github.com/pablontiv/rootline/cmd/rootline/validate.go:183.24,185.4 1 1
github.com/pablontiv/rootline/cmd/rootline/validate.go:189.2,189.31 1 1
github.com/pablontiv/rootline/cmd/rootline/validate.go:189.31,191.21 2 1
github.com/pablontiv/rootline/cmd/rootline/validate.go:191.21,192.12 1 0
github.com/pablontiv/rootline/cmd/rootline/validate.go:194.3,195.37 2 1
github.com/pablontiv/rootline/cmd/rootline/validate.go:195.37,196.12 1 1
github.com/pablontiv/rootline/cmd/rootline/validate.go:199.3,201.36 3 0
github.com/pablontiv/rootline/cmd/rootline/validate.go:201.36,203.4 1 0
github.com/pablontiv/rootline/cmd/rootline/validate.go:204.3,205.76 2 0
github.com/pablontiv/rootline/cmd/rootline/validate.go:210.2,212.41 3 1
github.com/pablontiv/rootline/cmd/rootline/validate.go:212.41,213.26 1 1
github.com/pablontiv/rootline/cmd/rootline/validate.go:213.26,214.12 1 1
github.com/pablontiv/rootline/cmd/rootline/validate.go:216.3,217.42 2 0
github.com/pablontiv/rootline/cmd/rootline/validate.go:217.42,218.12 1 0
github.com/pablontiv/rootline/cmd/rootline/validate.go:220.3,221.23 2 0
github.com/pablontiv/rootline/cmd/rootline/validate.go:221.23,222.12 1 0
github.com/pablontiv/rootline/cmd/rootline/validate.go:224.3,224.111 1 0
github.com/pablontiv/rootline/cmd/rootline/validate.go:227.2,228.29 2 1
github.com/pablontiv/rootline/cmd/rootline/validate.go:228.29,230.3 1 1
github.com/pablontiv/rootline/cmd/rootline/validate.go:231.2,231.58 1 1
github.com/pablontiv/rootline/cmd/rootline/validate.go:234.50,236.16 2 1
github.com/pablontiv/rootline/cmd/rootline/validate.go:236.16,238.3 1 1
github.com/pablontiv/rootline/cmd/rootline/validate.go:240.2,240.21 1 1
github.com/pablontiv/rootline/cmd/rootline/validate.go:240.21,243.3 1 1
github.com/pablontiv/rootline/cmd/rootline/validate.go:245.2,245.37 1 0
github.com/pablontiv/rootline/cmd/rootline/validate.go:249.41,251.16 2 1
github.com/pablontiv/rootline/cmd/rootline/validate.go:251.16,253.3 1 1
github.com/pablontiv/rootline/cmd/rootline/validate.go:255.2,256.75 2 1
github.com/pablontiv/rootline/cmd/rootline/validate.go:256.75,257.17 1 1
github.com/pablontiv/rootline/cmd/rootline/validate.go:257.17,258.12 1 1
github.com/pablontiv/rootline/cmd/rootline/validate.go:260.3,260.37 1 0
github.com/pablontiv/rootline/cmd/rootline/validate.go:260.37,262.4 1 0
github.com/pablontiv/rootline/cmd/rootline/validate.go:264.2,264.21 1 1
github.com/pablontiv/rootline/cmd/rootline/validate.go:269.66,270.31 1 1
github.com/pablontiv/rootline/cmd/rootline/validate.go:270.31,272.3 1 1
github.com/pablontiv/rootline/cmd/rootline/validate.go:273.2,273.55 1 1
github.com/pablontiv/rootline/cmd/rootline/validate.go:273.55,275.3 1 1
github.com/pablontiv/rootline/cmd/rootline/validate.go:276.2,276.14 1 1
github.com/pablontiv/rootline/cmd/rootline/validate.go:280.84,282.34 2 1
github.com/pablontiv/rootline/cmd/rootline/validate.go:282.34,283.25 1 1
github.com/pablontiv/rootline/cmd/rootline/validate.go:283.25,284.12 1 1
github.com/pablontiv/rootline/cmd/rootline/validate.go:286.3,287.25 2 1
github.com/pablontiv/rootline/cmd/rootline/validate.go:287.25,289.4 1 1
github.com/pablontiv/rootline/cmd/rootline/validate.go:290.3,291.17 2 1
github.com/pablontiv/rootline/cmd/rootline/validate.go:291.17,293.4 1 0
github.com/pablontiv/rootline/cmd/rootline/validate.go:294.3,301.67 2 1
github.com/pablontiv/rootline/cmd/rootline/validate.go:303.2,303.16 1 1
github.com/pablontiv/rootline/cmd/rootline/validate.go:306.88,309.34 3 1
github.com/pablontiv/rootline/cmd/rootline/validate.go:309.34,311.15 2 1
github.com/pablontiv/rootline/cmd/rootline/validate.go:311.15,313.4 1 1
github.com/pablontiv/rootline/cmd/rootline/validate.go:314.3,315.30 2 1
github.com/pablontiv/rootline/cmd/rootline/validate.go:315.30,317.4 1 1
github.com/pablontiv/rootline/cmd/rootline/validate.go:318.3,319.23 2 1
github.com/pablontiv/rootline/cmd/rootline/validate.go:319.23,321.4 1 1
github.com/pablontiv/rootline/cmd/rootline/validate.go:322.3,322.55 1 1
github.com/pablontiv/rootline/cmd/rootline/validate.go:324.2,327.34 2 1
github.com/pablontiv/rootline/cmd/rootline/validate.go:327.34,332.42 5 0
github.com/pablontiv/rootline/cmd/rootline/validate.go:332.42,339.4 1 0
github.com/pablontiv/rootline/cmd/rootline/validate.go:340.3,340.58 1 0
github.com/pablontiv/rootline/cmd/rootline/validate.go:343.2,343.31 1 1
github.com/pablontiv/rootline/cmd/rootline/validate.go:343.31,347.3 3 1
github.com/pablontiv/rootline/cmd/rootline/validate.go:348.2,348.12 1 1
github.com/pablontiv/rootline/cmd/rootline/validate.go:353.66,355.16 2 1
github.com/pablontiv/rootline/cmd/rootline/validate.go:355.16,357.3 1 0
github.com/pablontiv/rootline/cmd/rootline/validate.go:360.2,360.24 1 1
github.com/pablontiv/rootline/cmd/rootline/validate.go:360.24,362.17 2 1
github.com/pablontiv/rootline/cmd/rootline/validate.go:362.17,364.4 1 1
github.com/pablontiv/rootline/cmd/rootline/validate.go:365.3,365.19 1 1
github.com/pablontiv/rootline/cmd/rootline/validate.go:368.2,370.15 2 1
github.com/pablontiv/rootline/cmd/rootline/validate.go:370.15,374.3 3 1
github.com/pablontiv/rootline/cmd/rootline/validate.go:375.2,375.12 1 1
github.com/pablontiv/rootline/cmd/rootline/validate.go:379.61,381.51 2 1
github.com/pablontiv/rootline/cmd/rootline/validate.go:381.51,383.3 1 0
github.com/pablontiv/rootline/cmd/rootline/validate.go:385.2,386.16 2 1
github.com/pablontiv/rootline/cmd/rootline/validate.go:386.16,388.3 1 1
github.com/pablontiv/rootline/cmd/rootline/validate.go:390.2,390.30 1 1
github.com/pablontiv/rootline/cmd/rootline/validate.go:393.82,394.21 1 1
github.com/pablontiv/rootline/cmd/rootline/validate.go:394.21,396.3 1 1
github.com/pablontiv/rootline/cmd/rootline/validate.go:398.2,399.35 2 1
github.com/pablontiv/rootline/cmd/rootline/validate.go:399.35,402.10 3 1
github.com/pablontiv/rootline/cmd/rootline/validate.go:402.10,404.4 1 0
github.com/pablontiv/rootline/cmd/rootline/validate.go:405.3,406.14 2 1
github.com/pablontiv/rootline/cmd/rootline/validate.go:406.14,408.4 1 0
github.com/pablontiv/rootline/cmd/rootline/validate.go:409.3,410.10 2 1
github.com/pablontiv/rootline/cmd/rootline/validate.go:410.10,412.4 1 1
github.com/pablontiv/rootline/cmd/rootline/validate.go:414.3,415.30 2 1
github.com/pablontiv/rootline/cmd/rootline/validate.go:415.30,417.18 2 1
github.com/pablontiv/rootline/cmd/rootline/validate.go:417.18,419.5 1 1
github.com/pablontiv/rootline/cmd/rootline/validate.go:420.4,420.36 1 1
github.com/pablontiv/rootline/cmd/rootline/validate.go:422.3,422.24 1 1
github.com/pablontiv/rootline/cmd/rootline/validate.go:425.2,426.9 2 1
github.com/pablontiv/rootline/cmd/rootline/validate.go:426.9,428.3 1 0
github.com/pablontiv/rootline/cmd/rootline/validate.go:429.2,430.13 2 1
github.com/pablontiv/rootline/cmd/rootline/validate.go:430.13,432.3 1 1
github.com/pablontiv/rootline/cmd/rootline/validate.go:433.2,433.51 1 1
github.com/pablontiv/rootline/cmd/rootline/validate.go:445.92,448.30 2 1
github.com/pablontiv/rootline/cmd/rootline/validate.go:448.30,452.25 3 1
github.com/pablontiv/rootline/cmd/rootline/validate.go:452.25,454.4 1 1
github.com/pablontiv/rootline/cmd/rootline/validate.go:456.3,456.45 1 1
github.com/pablontiv/rootline/cmd/rootline/validate.go:456.45,458.4 1 0
github.com/pablontiv/rootline/cmd/rootline/validate.go:458.9,460.4 1 1
github.com/pablontiv/rootline/cmd/rootline/validate.go:463.2,463.15 1 1
github.com/pablontiv/rootline/cmd/rootline/validate.go:467.41,468.52 1 1
github.com/pablontiv/rootline/cmd/rootline/validate.go:468.52,470.3 1 1
